2025-01-26 22:17:29,889 INFO  org.apache.flink.runtime.entrypoint.ClusterEntrypoint        [] - --------------------------------------------------------------------------------
2025-01-26 22:17:29,891 INFO  org.apache.flink.runtime.entrypoint.ClusterEntrypoint        [] -  Preconfiguration: 
2025-01-26 22:17:29,891 INFO  org.apache.flink.runtime.entrypoint.ClusterEntrypoint        [] - 


RESOURCE_PARAMS extraction logs:
jvm_params: -Xmx1073741824 -Xms1073741824 -XX:MaxMetaspaceSize=268435456
dynamic_configs: -D jobmanager.memory.off-heap.size=134217728b -D jobmanager.memory.jvm-overhead.min=201326592b -D jobmanager.memory.jvm-metaspace.size=268435456b -D jobmanager.memory.heap.size=1073741824b -D jobmanager.memory.jvm-overhead.max=201326592b
logs: WARNING: sun.reflect.Reflection.getCallerClass is not supported. This will impact performance.
INFO  [] - Loading configuration property: jobmanager.rpc.address, localhost
INFO  [] - Loading configuration property: jobmanager.rpc.port, 6123
INFO  [] - Loading configuration property: jobmanager.memory.process.size, 1600m
INFO  [] - Loading configuration property: taskmanager.memory.process.size, 1728m
INFO  [] - Loading configuration property: taskmanager.numberOfTaskSlots, 1
INFO  [] - Loading configuration property: parallelism.default, 1
INFO  [] - Loading configuration property: jobmanager.execution.failover-strategy, region
INFO  [] - The derived from fraction jvm overhead memory (160.000mb (167772162 bytes)) is less than its min value 192.000mb (201326592 bytes), min value will be used instead
INFO  [] - Final Master Memory configuration:
INFO  [] -   Total Process Memory: 1.563gb (1677721600 bytes)
INFO  [] -     Total Flink Memory: 1.125gb (1207959552 bytes)
INFO  [] -       JVM Heap:         1024.000mb (1073741824 bytes)
INFO  [] -       Off-heap:         128.000mb (134217728 bytes)
INFO  [] -     JVM Metaspace:      256.000mb (268435456 bytes)
INFO  [] -     JVM Overhead:       192.000mb (201326592 bytes)

2025-01-26 22:17:29,891 INFO  org.apache.flink.runtime.entrypoint.ClusterEntrypoint        [] - --------------------------------------------------------------------------------
2025-01-26 22:17:29,891 INFO  org.apache.flink.runtime.entrypoint.ClusterEntrypoint        [] -  Starting StandaloneSessionClusterEntrypoint (Version: 1.13.6, Scala: 2.12, Rev:b2ca390, Date:2022-02-03T14:54:22+01:00)
2025-01-26 22:17:29,891 INFO  org.apache.flink.runtime.entrypoint.ClusterEntrypoint        [] -  OS current user: hansaka
2025-01-26 22:17:29,891 INFO  org.apache.flink.runtime.entrypoint.ClusterEntrypoint        [] -  Current Hadoop/Kerberos user: <no hadoop dependency found>
2025-01-26 22:17:29,891 INFO  org.apache.flink.runtime.entrypoint.ClusterEntrypoint        [] -  JVM: OpenJDK 64-Bit Server VM - Ubuntu - 11/11.0.25+9-post-Ubuntu-1ubuntu122.04
2025-01-26 22:17:29,891 INFO  org.apache.flink.runtime.entrypoint.ClusterEntrypoint        [] -  Maximum heap size: 1024 MiBytes
2025-01-26 22:17:29,891 INFO  org.apache.flink.runtime.entrypoint.ClusterEntrypoint        [] -  JAVA_HOME: (not set)
2025-01-26 22:17:29,891 INFO  org.apache.flink.runtime.entrypoint.ClusterEntrypoint        [] -  No Hadoop Dependency available
2025-01-26 22:17:29,891 INFO  org.apache.flink.runtime.entrypoint.ClusterEntrypoint        [] -  JVM Options:
2025-01-26 22:17:29,891 INFO  org.apache.flink.runtime.entrypoint.ClusterEntrypoint        [] -     -Xmx1073741824
2025-01-26 22:17:29,891 INFO  org.apache.flink.runtime.entrypoint.ClusterEntrypoint        [] -     -Xms1073741824
2025-01-26 22:17:29,891 INFO  org.apache.flink.runtime.entrypoint.ClusterEntrypoint        [] -     -XX:MaxMetaspaceSize=268435456
2025-01-26 22:17:29,892 INFO  org.apache.flink.runtime.entrypoint.ClusterEntrypoint        [] -     -Dlog.file=/home/hansaka/fyp/EDFLY/withJSON/flink-1.13.6/log/flink-hansaka-standalonesession-2-hansaka-ubuntu.log
2025-01-26 22:17:29,892 INFO  org.apache.flink.runtime.entrypoint.ClusterEntrypoint        [] -     -Dlog4j.configuration=file:/home/hansaka/fyp/EDFLY/withJSON/flink-1.13.6/conf/log4j.properties
2025-01-26 22:17:29,892 INFO  org.apache.flink.runtime.entrypoint.ClusterEntrypoint        [] -     -Dlog4j.configurationFile=file:/home/hansaka/fyp/EDFLY/withJSON/flink-1.13.6/conf/log4j.properties
2025-01-26 22:17:29,892 INFO  org.apache.flink.runtime.entrypoint.ClusterEntrypoint        [] -     -Dlogback.configurationFile=file:/home/hansaka/fyp/EDFLY/withJSON/flink-1.13.6/conf/logback.xml
2025-01-26 22:17:29,892 INFO  org.apache.flink.runtime.entrypoint.ClusterEntrypoint        [] -  Program Arguments:
2025-01-26 22:17:29,892 INFO  org.apache.flink.runtime.entrypoint.ClusterEntrypoint        [] -     --configDir
2025-01-26 22:17:29,892 INFO  org.apache.flink.runtime.entrypoint.ClusterEntrypoint        [] -     /home/hansaka/fyp/EDFLY/withJSON/flink-1.13.6/conf
2025-01-26 22:17:29,892 INFO  org.apache.flink.runtime.entrypoint.ClusterEntrypoint        [] -     --executionMode
2025-01-26 22:17:29,892 INFO  org.apache.flink.runtime.entrypoint.ClusterEntrypoint        [] -     cluster
2025-01-26 22:17:29,893 INFO  org.apache.flink.runtime.entrypoint.ClusterEntrypoint        [] -     -D
2025-01-26 22:17:29,893 INFO  org.apache.flink.runtime.entrypoint.ClusterEntrypoint        [] -     jobmanager.memory.off-heap.size=134217728b
2025-01-26 22:17:29,893 INFO  org.apache.flink.runtime.entrypoint.ClusterEntrypoint        [] -     -D
2025-01-26 22:17:29,893 INFO  org.apache.flink.runtime.entrypoint.ClusterEntrypoint        [] -     jobmanager.memory.jvm-overhead.min=201326592b
2025-01-26 22:17:29,893 INFO  org.apache.flink.runtime.entrypoint.ClusterEntrypoint        [] -     -D
2025-01-26 22:17:29,893 INFO  org.apache.flink.runtime.entrypoint.ClusterEntrypoint        [] -     jobmanager.memory.jvm-metaspace.size=268435456b
2025-01-26 22:17:29,893 INFO  org.apache.flink.runtime.entrypoint.ClusterEntrypoint        [] -     -D
2025-01-26 22:17:29,893 INFO  org.apache.flink.runtime.entrypoint.ClusterEntrypoint        [] -     jobmanager.memory.heap.size=1073741824b
2025-01-26 22:17:29,893 INFO  org.apache.flink.runtime.entrypoint.ClusterEntrypoint        [] -     -D
2025-01-26 22:17:29,893 INFO  org.apache.flink.runtime.entrypoint.ClusterEntrypoint        [] -     jobmanager.memory.jvm-overhead.max=201326592b
2025-01-26 22:17:29,893 INFO  org.apache.flink.runtime.entrypoint.ClusterEntrypoint        [] -  Classpath: /home/hansaka/fyp/EDFLY/withJSON/flink-1.13.6/lib/flink-csv-1.13.6.jar:/home/hansaka/fyp/EDFLY/withJSON/flink-1.13.6/lib/flink-json-1.13.6.jar:/home/hansaka/fyp/EDFLY/withJSON/flink-1.13.6/lib/flink-shaded-zookeeper-3.4.14.jar:/home/hansaka/fyp/EDFLY/withJSON/flink-1.13.6/lib/flink-table_2.12-1.13.6.jar:/home/hansaka/fyp/EDFLY/withJSON/flink-1.13.6/lib/flink-table-blink_2.12-1.13.6.jar:/home/hansaka/fyp/EDFLY/withJSON/flink-1.13.6/lib/log4j-1.2-api-2.17.1.jar:/home/hansaka/fyp/EDFLY/withJSON/flink-1.13.6/lib/log4j-api-2.17.1.jar:/home/hansaka/fyp/EDFLY/withJSON/flink-1.13.6/lib/log4j-core-2.17.1.jar:/home/hansaka/fyp/EDFLY/withJSON/flink-1.13.6/lib/log4j-slf4j-impl-2.17.1.jar:/home/hansaka/fyp/EDFLY/withJSON/flink-1.13.6/lib/flink-dist_2.12-1.13.6.jar:::
2025-01-26 22:17:29,893 INFO  org.apache.flink.runtime.entrypoint.ClusterEntrypoint        [] - --------------------------------------------------------------------------------
2025-01-26 22:17:29,896 INFO  org.apache.flink.runtime.entrypoint.ClusterEntrypoint        [] - Registered UNIX signal handlers for [TERM, HUP, INT]
2025-01-26 22:17:29,904 INFO  org.apache.flink.configuration.GlobalConfiguration           [] - Loading configuration property: jobmanager.rpc.address, localhost
2025-01-26 22:17:29,904 INFO  org.apache.flink.configuration.GlobalConfiguration           [] - Loading configuration property: jobmanager.rpc.port, 6123
2025-01-26 22:17:29,904 INFO  org.apache.flink.configuration.GlobalConfiguration           [] - Loading configuration property: jobmanager.memory.process.size, 1600m
2025-01-26 22:17:29,904 INFO  org.apache.flink.configuration.GlobalConfiguration           [] - Loading configuration property: taskmanager.memory.process.size, 1728m
2025-01-26 22:17:29,904 INFO  org.apache.flink.configuration.GlobalConfiguration           [] - Loading configuration property: taskmanager.numberOfTaskSlots, 1
2025-01-26 22:17:29,905 INFO  org.apache.flink.configuration.GlobalConfiguration           [] - Loading configuration property: parallelism.default, 1
2025-01-26 22:17:29,905 INFO  org.apache.flink.configuration.GlobalConfiguration           [] - Loading configuration property: jobmanager.execution.failover-strategy, region
2025-01-26 22:17:29,943 INFO  org.apache.flink.runtime.entrypoint.ClusterEntrypoint        [] - Starting StandaloneSessionClusterEntrypoint.
2025-01-26 22:17:29,978 INFO  org.apache.flink.runtime.entrypoint.ClusterEntrypoint        [] - Install default filesystem.
2025-01-26 22:17:29,980 INFO  org.apache.flink.core.fs.FileSystem                          [] - Hadoop is not in the classpath/dependencies. The extended set of supported File Systems via Hadoop is not available.
2025-01-26 22:17:30,008 INFO  org.apache.flink.runtime.entrypoint.ClusterEntrypoint        [] - Install security context.
2025-01-26 22:17:30,015 INFO  org.apache.flink.runtime.security.modules.HadoopModuleFactory [] - Cannot create Hadoop Security Module because Hadoop cannot be found in the Classpath.
2025-01-26 22:17:30,021 INFO  org.apache.flink.runtime.security.modules.JaasModule         [] - Jaas file will be created as /tmp/jaas-11008668423843566935.conf.
2025-01-26 22:17:30,029 INFO  org.apache.flink.runtime.security.contexts.HadoopSecurityContextFactory [] - Cannot install HadoopSecurityContext because Hadoop cannot be found in the Classpath.
2025-01-26 22:17:30,030 INFO  org.apache.flink.runtime.entrypoint.ClusterEntrypoint        [] - Initializing cluster services.
2025-01-26 22:17:30,047 INFO  org.apache.flink.runtime.rpc.akka.AkkaRpcServiceUtils        [] - Trying to start actor system, external address localhost:6123, bind address 0.0.0.0:6123.
2025-01-26 22:17:30,562 INFO  akka.event.slf4j.Slf4jLogger                                 [] - Slf4jLogger started
2025-01-26 22:17:30,584 INFO  akka.remote.Remoting                                         [] - Starting remoting
2025-01-26 22:17:30,685 INFO  akka.remote.Remoting                                         [] - Remoting started; listening on addresses :[akka.tcp://flink@localhost:6123]
2025-01-26 22:17:30,750 INFO  org.apache.flink.runtime.rpc.akka.AkkaRpcServiceUtils        [] - Actor system started at akka.tcp://flink@localhost:6123
2025-01-26 22:17:30,770 INFO  org.apache.flink.configuration.Configuration                 [] - Config uses fallback configuration key 'jobmanager.rpc.address' instead of key 'rest.address'
2025-01-26 22:17:30,778 INFO  org.apache.flink.runtime.blob.BlobServer                     [] - Created BLOB server storage directory /tmp/blobStore-7ae1c9bf-5374-4350-89eb-96f5bdd350f6
2025-01-26 22:17:30,782 INFO  org.apache.flink.runtime.blob.BlobServer                     [] - Started BLOB server at 0.0.0.0:37223 - max concurrent requests: 50 - max backlog: 1000
2025-01-26 22:17:30,791 INFO  org.apache.flink.runtime.metrics.MetricRegistryImpl          [] - No metrics reporter configured, no metrics will be exposed/reported.
2025-01-26 22:17:30,795 INFO  org.apache.flink.runtime.rpc.akka.AkkaRpcServiceUtils        [] - Trying to start actor system, external address localhost:0, bind address 0.0.0.0:0.
2025-01-26 22:17:30,810 INFO  akka.event.slf4j.Slf4jLogger                                 [] - Slf4jLogger started
2025-01-26 22:17:30,814 INFO  akka.remote.Remoting                                         [] - Starting remoting
2025-01-26 22:17:30,821 INFO  akka.remote.Remoting                                         [] - Remoting started; listening on addresses :[akka.tcp://flink-metrics@localhost:42439]
2025-01-26 22:17:30,829 INFO  org.apache.flink.runtime.rpc.akka.AkkaRpcServiceUtils        [] - Actor system started at akka.tcp://flink-metrics@localhost:42439
2025-01-26 22:17:30,840 INFO  org.apache.flink.runtime.rpc.akka.AkkaRpcService             [] - Starting RPC endpoint for org.apache.flink.runtime.metrics.dump.MetricQueryService at akka://flink-metrics/user/rpc/MetricQueryService .
2025-01-26 22:17:30,858 INFO  org.apache.flink.runtime.dispatcher.FileExecutionGraphInfoStore [] - Initializing FileExecutionGraphInfoStore: Storage directory /tmp/executionGraphStore-ac0823cd-4b61-490c-8264-485c7aedbace, expiration time 3600000, maximum cache size 52428800 bytes.
2025-01-26 22:17:30,889 INFO  org.apache.flink.configuration.Configuration                 [] - Config uses fallback configuration key 'jobmanager.rpc.address' instead of key 'rest.address'
2025-01-26 22:17:30,890 INFO  org.apache.flink.runtime.dispatcher.DispatcherRestEndpoint   [] - Upload directory /tmp/flink-web-2ad69eb2-ab4b-480f-b29b-3a47b273376b/flink-web-upload does not exist. 
2025-01-26 22:17:30,891 INFO  org.apache.flink.runtime.dispatcher.DispatcherRestEndpoint   [] - Created directory /tmp/flink-web-2ad69eb2-ab4b-480f-b29b-3a47b273376b/flink-web-upload for file uploads.
2025-01-26 22:17:30,892 INFO  org.apache.flink.runtime.dispatcher.DispatcherRestEndpoint   [] - Starting rest endpoint.
2025-01-26 22:17:31,066 INFO  org.apache.flink.runtime.webmonitor.WebMonitorUtils          [] - Determined location of main cluster component log file: /home/hansaka/fyp/EDFLY/withJSON/flink-1.13.6/log/flink-hansaka-standalonesession-2-hansaka-ubuntu.log
2025-01-26 22:17:31,067 INFO  org.apache.flink.runtime.webmonitor.WebMonitorUtils          [] - Determined location of main cluster component stdout file: /home/hansaka/fyp/EDFLY/withJSON/flink-1.13.6/log/flink-hansaka-standalonesession-2-hansaka-ubuntu.out
2025-01-26 22:17:31,176 INFO  org.apache.flink.runtime.dispatcher.DispatcherRestEndpoint   [] - Rest endpoint listening at localhost:8081
2025-01-26 22:17:31,177 INFO  org.apache.flink.runtime.dispatcher.DispatcherRestEndpoint   [] - http://localhost:8081 was granted leadership with leaderSessionID=00000000-0000-0000-0000-000000000000
2025-01-26 22:17:31,178 INFO  org.apache.flink.runtime.dispatcher.DispatcherRestEndpoint   [] - Web frontend listening at http://localhost:8081.
2025-01-26 22:17:31,194 INFO  org.apache.flink.runtime.rpc.akka.AkkaRpcService             [] - Starting RPC endpoint for org.apache.flink.runtime.resourcemanager.StandaloneResourceManager at akka://flink/user/rpc/resourcemanager_0 .
2025-01-26 22:17:31,204 INFO  org.apache.flink.runtime.dispatcher.runner.DefaultDispatcherRunner [] - DefaultDispatcherRunner was granted leadership with leader id 00000000-0000-0000-0000-000000000000. Creating new DispatcherLeaderProcess.
2025-01-26 22:17:31,208 INFO  org.apache.flink.runtime.dispatcher.runner.SessionDispatcherLeaderProcess [] - Start SessionDispatcherLeaderProcess.
2025-01-26 22:17:31,209 INFO  org.apache.flink.runtime.resourcemanager.StandaloneResourceManager [] - Starting the resource manager.
2025-01-26 22:17:31,209 INFO  org.apache.flink.runtime.dispatcher.runner.SessionDispatcherLeaderProcess [] - Recover all persisted job graphs.
2025-01-26 22:17:31,209 INFO  org.apache.flink.runtime.dispatcher.runner.SessionDispatcherLeaderProcess [] - Successfully recovered 0 persisted job graphs.
2025-01-26 22:17:31,212 INFO  org.apache.flink.runtime.resourcemanager.StandaloneResourceManager [] - ResourceManager akka.tcp://flink@localhost:6123/user/rpc/resourcemanager_0 was granted leadership with fencing token 00000000000000000000000000000000
2025-01-26 22:17:31,216 INFO  org.apache.flink.runtime.rpc.akka.AkkaRpcService             [] - Starting RPC endpoint for org.apache.flink.runtime.dispatcher.StandaloneDispatcher at akka://flink/user/rpc/dispatcher_1 .
2025-01-26 22:17:31,809 INFO  org.apache.flink.runtime.resourcemanager.StandaloneResourceManager [] - Registering TaskManager with ResourceID 192.168.1.12:41873-f1a7f8 (akka.tcp://flink@192.168.1.12:41873/user/rpc/taskmanager_0) at ResourceManager
2025-01-26 22:29:30,971 INFO  org.apache.flink.runtime.dispatcher.StandaloneDispatcher     [] - Received JobGraph submission 08dd033e2b112833fbbe998977ea1aec (Kafka-Flink JSON Integration).
2025-01-26 22:29:30,971 INFO  org.apache.flink.runtime.dispatcher.StandaloneDispatcher     [] - Submitting job 08dd033e2b112833fbbe998977ea1aec (Kafka-Flink JSON Integration).
2025-01-26 22:29:30,986 INFO  org.apache.flink.runtime.rpc.akka.AkkaRpcService             [] - Starting RPC endpoint for org.apache.flink.runtime.jobmaster.JobMaster at akka://flink/user/rpc/jobmanager_2 .
2025-01-26 22:29:30,990 INFO  org.apache.flink.runtime.jobmaster.JobMaster                 [] - Initializing job Kafka-Flink JSON Integration (08dd033e2b112833fbbe998977ea1aec).
2025-01-26 22:29:31,005 INFO  org.apache.flink.runtime.jobmaster.JobMaster                 [] - Using restart back off time strategy NoRestartBackoffTimeStrategy for Kafka-Flink JSON Integration (08dd033e2b112833fbbe998977ea1aec).
2025-01-26 22:29:31,023 INFO  org.apache.flink.runtime.jobmaster.JobMaster                 [] - Running initialization on master for job Kafka-Flink JSON Integration (08dd033e2b112833fbbe998977ea1aec).
2025-01-26 22:29:31,023 INFO  org.apache.flink.runtime.jobmaster.JobMaster                 [] - Successfully ran initialization on master in 0 ms.
2025-01-26 22:29:31,036 INFO  org.apache.flink.runtime.scheduler.adapter.DefaultExecutionTopology [] - Built 1 pipelined regions in 2 ms
2025-01-26 22:29:31,044 INFO  org.apache.flink.runtime.jobmaster.JobMaster                 [] - No state backend has been configured, using default (HashMap) org.apache.flink.runtime.state.hashmap.HashMapStateBackend@7d4d6802
2025-01-26 22:29:31,045 INFO  org.apache.flink.runtime.jobmaster.JobMaster                 [] - Checkpoint storage is set to 'jobmanager'
2025-01-26 22:29:31,054 INFO  org.apache.flink.runtime.checkpoint.CheckpointCoordinator    [] - No checkpoint found during restore.
2025-01-26 22:29:31,059 INFO  org.apache.flink.runtime.jobmaster.JobMaster                 [] - Using failover strategy org.apache.flink.runtime.executiongraph.failover.flip1.RestartPipelinedRegionFailoverStrategy@5ffd67fb for Kafka-Flink JSON Integration (08dd033e2b112833fbbe998977ea1aec).
2025-01-26 22:29:31,066 INFO  org.apache.flink.runtime.jobmaster.JobMaster                 [] - Starting execution of job Kafka-Flink JSON Integration (08dd033e2b112833fbbe998977ea1aec) under job master id 00000000000000000000000000000000.
2025-01-26 22:29:31,067 INFO  org.apache.flink.runtime.jobmaster.JobMaster                 [] - Starting scheduling with scheduling strategy [org.apache.flink.runtime.scheduler.strategy.PipelinedRegionSchedulingStrategy]
2025-01-26 22:29:31,067 INFO  org.apache.flink.runtime.executiongraph.ExecutionGraph       [] - Job Kafka-Flink JSON Integration (08dd033e2b112833fbbe998977ea1aec) switched from state CREATED to RUNNING.
2025-01-26 22:29:31,070 INFO  org.apache.flink.runtime.executiongraph.ExecutionGraph       [] - Source: Custom Source -> Map -> Sink: Unnamed (1/1) (99a8ec764f48ca0190de14452bde858f) switched from CREATED to SCHEDULED.
2025-01-26 22:29:31,078 INFO  org.apache.flink.runtime.jobmaster.JobMaster                 [] - Connecting to ResourceManager akka.tcp://flink@localhost:6123/user/rpc/resourcemanager_*(00000000000000000000000000000000)
2025-01-26 22:29:31,080 INFO  org.apache.flink.runtime.jobmaster.JobMaster                 [] - Resolved ResourceManager address, beginning registration
2025-01-26 22:29:31,081 INFO  org.apache.flink.runtime.resourcemanager.StandaloneResourceManager [] - Registering job manager 00000000000000000000000000000000@akka.tcp://flink@localhost:6123/user/rpc/jobmanager_2 for job 08dd033e2b112833fbbe998977ea1aec.
2025-01-26 22:29:31,084 INFO  org.apache.flink.runtime.resourcemanager.StandaloneResourceManager [] - Registered job manager 00000000000000000000000000000000@akka.tcp://flink@localhost:6123/user/rpc/jobmanager_2 for job 08dd033e2b112833fbbe998977ea1aec.
2025-01-26 22:29:31,085 INFO  org.apache.flink.runtime.jobmaster.JobMaster                 [] - JobManager successfully registered at ResourceManager, leader id: 00000000000000000000000000000000.
2025-01-26 22:29:31,086 INFO  org.apache.flink.runtime.resourcemanager.slotmanager.DeclarativeSlotManager [] - Received resource requirements from job 08dd033e2b112833fbbe998977ea1aec: [ResourceRequirement{resourceProfile=ResourceProfile{UNKNOWN}, numberOfRequiredSlots=1}]
2025-01-26 22:29:31,127 INFO  org.apache.flink.runtime.executiongraph.ExecutionGraph       [] - Source: Custom Source -> Map -> Sink: Unnamed (1/1) (99a8ec764f48ca0190de14452bde858f) switched from SCHEDULED to DEPLOYING.
2025-01-26 22:29:31,129 INFO  org.apache.flink.runtime.executiongraph.ExecutionGraph       [] - Deploying Source: Custom Source -> Map -> Sink: Unnamed (1/1) (attempt #0) with attempt id 99a8ec764f48ca0190de14452bde858f to 192.168.1.12:41873-f1a7f8 @ hansaka-ubuntu (dataPort=46045) with allocation id a2a4baf90b84577edd031d8335efcd8b
2025-01-26 22:29:31,440 INFO  org.apache.flink.runtime.executiongraph.ExecutionGraph       [] - Source: Custom Source -> Map -> Sink: Unnamed (1/1) (99a8ec764f48ca0190de14452bde858f) switched from DEPLOYING to INITIALIZING.
2025-01-26 22:29:31,761 INFO  org.apache.flink.runtime.executiongraph.ExecutionGraph       [] - Source: Custom Source -> Map -> Sink: Unnamed (1/1) (99a8ec764f48ca0190de14452bde858f) switched from INITIALIZING to RUNNING.
2025-01-26 23:59:56,812 INFO  org.apache.flink.runtime.entrypoint.ClusterEntrypoint        [] - RECEIVED SIGNAL 15: SIGTERM. Shutting down as requested.
2025-01-26 23:59:57,657 WARN  akka.remote.ReliableDeliverySupervisor                       [] - Association with remote system [akka.tcp://flink@192.168.1.12:41873] has failed, address is now gated for [50] ms. Reason: [Disassociated] 
2025-01-26 23:59:57,657 WARN  akka.remote.ReliableDeliverySupervisor                       [] - Association with remote system [akka.tcp://flink-metrics@192.168.1.12:41287] has failed, address is now gated for [50] ms. Reason: [Disassociated] 
2025-01-26 23:59:58,088 INFO  akka.remote.RemoteActorRefProvider$RemotingTerminator        [] - Shutting down remote daemon.
2025-01-26 23:59:58,088 INFO  akka.remote.RemoteActorRefProvider$RemotingTerminator        [] - Shutting down remote daemon.
2025-01-26 23:59:58,089 INFO  akka.remote.RemoteActorRefProvider$RemotingTerminator        [] - Remote daemon shut down; proceeding with flushing remote transports.
2025-01-26 23:59:58,089 INFO  akka.remote.RemoteActorRefProvider$RemotingTerminator        [] - Remote daemon shut down; proceeding with flushing remote transports.
2025-01-26 23:59:58,294 INFO  akka.remote.RemoteActorRefProvider$RemotingTerminator        [] - Remoting shut down.
2025-01-26 23:59:58,294 INFO  akka.remote.RemoteActorRefProvider$RemotingTerminator        [] - Remoting shut down.
