[2025-01-26 23:25:07,978] INFO Terminating process due to signal SIGHUP (org.apache.kafka.common.utils.LoggingSignalHandler)
[2025-01-26 23:25:07,978] INFO Terminating process due to signal SIGHUP (org.apache.kafka.common.utils.LoggingSignalHandler)
[2025-01-26 23:25:07,983] INFO [KafkaServer id=0] shutting down (kafka.server.KafkaServer)
[2025-01-26 23:25:07,984] INFO [KafkaServer id=0] Starting controlled shutdown (kafka.server.KafkaServer)
[2025-01-26 23:25:07,997] INFO [KafkaServer id=0] Controlled shutdown succeeded (kafka.server.KafkaServer)
[2025-01-26 23:25:08,000] INFO [/config/changes-event-process-thread]: Shutting down (kafka.common.ZkNodeChangeNotificationListener$ChangeEventProcessThread)
[2025-01-26 23:25:08,000] INFO [/config/changes-event-process-thread]: Shutdown completed (kafka.common.ZkNodeChangeNotificationListener$ChangeEventProcessThread)
[2025-01-26 23:25:08,000] INFO [/config/changes-event-process-thread]: Stopped (kafka.common.ZkNodeChangeNotificationListener$ChangeEventProcessThread)
[2025-01-26 23:25:08,001] INFO [SocketServer listenerType=ZK_BROKER, nodeId=0] Stopping socket server request processors (kafka.network.SocketServer)
[2025-01-26 23:25:08,005] INFO [SocketServer listenerType=ZK_BROKER, nodeId=0] Stopped socket server request processors (kafka.network.SocketServer)
[2025-01-26 23:25:08,006] INFO [data-plane Kafka Request Handler on Broker 0], shutting down (kafka.server.KafkaRequestHandlerPool)
[2025-01-26 23:25:08,007] INFO [data-plane Kafka Request Handler on Broker 0], shut down completely (kafka.server.KafkaRequestHandlerPool)
[2025-01-26 23:25:08,008] INFO [ExpirationReaper-0-AlterAcls]: Shutting down (kafka.server.DelayedOperationPurgatory$ExpiredOperationReaper)
[2025-01-26 23:25:08,024] INFO [ExpirationReaper-0-AlterAcls]: Stopped (kafka.server.DelayedOperationPurgatory$ExpiredOperationReaper)
[2025-01-26 23:25:08,024] INFO [ExpirationReaper-0-AlterAcls]: Shutdown completed (kafka.server.DelayedOperationPurgatory$ExpiredOperationReaper)
[2025-01-26 23:25:08,024] INFO [KafkaApi-0] Shutdown complete. (kafka.server.KafkaApis)
[2025-01-26 23:25:08,025] INFO [ExpirationReaper-0-topic]: Shutting down (kafka.server.DelayedOperationPurgatory$ExpiredOperationReaper)
[2025-01-26 23:25:08,099] INFO [ExpirationReaper-0-topic]: Stopped (kafka.server.DelayedOperationPurgatory$ExpiredOperationReaper)
[2025-01-26 23:25:08,099] INFO [ExpirationReaper-0-topic]: Shutdown completed (kafka.server.DelayedOperationPurgatory$ExpiredOperationReaper)
[2025-01-26 23:25:08,100] INFO [TransactionCoordinator id=0] Shutting down. (kafka.coordinator.transaction.TransactionCoordinator)
[2025-01-26 23:25:08,100] INFO [ProducerId Manager 0]: Shutdown complete: last producerId assigned 3000 (kafka.coordinator.transaction.ProducerIdManager)
[2025-01-26 23:25:08,101] INFO [Transaction State Manager 0]: Shutdown complete (kafka.coordinator.transaction.TransactionStateManager)
[2025-01-26 23:25:08,101] INFO [Transaction Marker Channel Manager 0]: Shutting down (kafka.coordinator.transaction.TransactionMarkerChannelManager)
[2025-01-26 23:25:08,101] INFO [Transaction Marker Channel Manager 0]: Shutdown completed (kafka.coordinator.transaction.TransactionMarkerChannelManager)
[2025-01-26 23:25:08,101] INFO [Transaction Marker Channel Manager 0]: Stopped (kafka.coordinator.transaction.TransactionMarkerChannelManager)
[2025-01-26 23:25:08,101] INFO [TransactionCoordinator id=0] Shutdown complete. (kafka.coordinator.transaction.TransactionCoordinator)
[2025-01-26 23:25:08,101] INFO [GroupCoordinator 0]: Shutting down. (kafka.coordinator.group.GroupCoordinator)
[2025-01-26 23:25:08,102] INFO [ExpirationReaper-0-Heartbeat]: Shutting down (kafka.server.DelayedOperationPurgatory$ExpiredOperationReaper)
[2025-01-26 23:25:08,294] INFO [ExpirationReaper-0-Heartbeat]: Stopped (kafka.server.DelayedOperationPurgatory$ExpiredOperationReaper)
[2025-01-26 23:25:08,294] INFO [ExpirationReaper-0-Heartbeat]: Shutdown completed (kafka.server.DelayedOperationPurgatory$ExpiredOperationReaper)
[2025-01-26 23:25:08,294] INFO [ExpirationReaper-0-Rebalance]: Shutting down (kafka.server.DelayedOperationPurgatory$ExpiredOperationReaper)
[2025-01-26 23:25:08,302] INFO [ExpirationReaper-0-Rebalance]: Stopped (kafka.server.DelayedOperationPurgatory$ExpiredOperationReaper)
[2025-01-26 23:25:08,302] INFO [ExpirationReaper-0-Rebalance]: Shutdown completed (kafka.server.DelayedOperationPurgatory$ExpiredOperationReaper)
[2025-01-26 23:25:08,302] INFO [GroupCoordinator 0]: Shutdown complete. (kafka.coordinator.group.GroupCoordinator)
[2025-01-26 23:25:08,303] INFO [ReplicaManager broker=0] Shutting down (kafka.server.ReplicaManager)
[2025-01-26 23:25:08,303] INFO [LogDirFailureHandler]: Shutting down (kafka.server.ReplicaManager$LogDirFailureHandler)
[2025-01-26 23:25:08,303] INFO [LogDirFailureHandler]: Shutdown completed (kafka.server.ReplicaManager$LogDirFailureHandler)
[2025-01-26 23:25:08,303] INFO [LogDirFailureHandler]: Stopped (kafka.server.ReplicaManager$LogDirFailureHandler)
[2025-01-26 23:25:08,303] INFO [ReplicaFetcherManager on broker 0] shutting down (kafka.server.ReplicaFetcherManager)
[2025-01-26 23:25:08,304] INFO [ReplicaFetcherManager on broker 0] shutdown completed (kafka.server.ReplicaFetcherManager)
[2025-01-26 23:25:08,304] INFO [ReplicaAlterLogDirsManager on broker 0] shutting down (kafka.server.ReplicaAlterLogDirsManager)
[2025-01-26 23:25:08,304] INFO [ReplicaAlterLogDirsManager on broker 0] shutdown completed (kafka.server.ReplicaAlterLogDirsManager)
[2025-01-26 23:25:08,304] INFO [ExpirationReaper-0-Fetch]: Shutting down (kafka.server.DelayedOperationPurgatory$ExpiredOperationReaper)
[2025-01-26 23:25:08,457] INFO [ExpirationReaper-0-Fetch]: Stopped (kafka.server.DelayedOperationPurgatory$ExpiredOperationReaper)
[2025-01-26 23:25:08,457] INFO [ExpirationReaper-0-Fetch]: Shutdown completed (kafka.server.DelayedOperationPurgatory$ExpiredOperationReaper)
[2025-01-26 23:25:08,458] INFO [ExpirationReaper-0-Produce]: Shutting down (kafka.server.DelayedOperationPurgatory$ExpiredOperationReaper)
[2025-01-26 23:25:08,560] INFO [ExpirationReaper-0-Produce]: Stopped (kafka.server.DelayedOperationPurgatory$ExpiredOperationReaper)
[2025-01-26 23:25:08,560] INFO [ExpirationReaper-0-Produce]: Shutdown completed (kafka.server.DelayedOperationPurgatory$ExpiredOperationReaper)
[2025-01-26 23:25:08,560] INFO [ExpirationReaper-0-DeleteRecords]: Shutting down (kafka.server.DelayedOperationPurgatory$ExpiredOperationReaper)
[2025-01-26 23:25:08,759] INFO [ExpirationReaper-0-DeleteRecords]: Stopped (kafka.server.DelayedOperationPurgatory$ExpiredOperationReaper)
[2025-01-26 23:25:08,760] INFO [ExpirationReaper-0-DeleteRecords]: Shutdown completed (kafka.server.DelayedOperationPurgatory$ExpiredOperationReaper)
[2025-01-26 23:25:08,760] INFO [ExpirationReaper-0-ElectLeader]: Shutting down (kafka.server.DelayedOperationPurgatory$ExpiredOperationReaper)
[2025-01-26 23:25:08,959] INFO [ExpirationReaper-0-ElectLeader]: Stopped (kafka.server.DelayedOperationPurgatory$ExpiredOperationReaper)
[2025-01-26 23:25:08,959] INFO [ExpirationReaper-0-ElectLeader]: Shutdown completed (kafka.server.DelayedOperationPurgatory$ExpiredOperationReaper)
[2025-01-26 23:25:09,009] INFO [ReplicaManager broker=0] Shut down completely (kafka.server.ReplicaManager)
[2025-01-26 23:25:09,010] INFO [broker-0-to-controller-send-thread]: Shutting down (kafka.server.BrokerToControllerRequestThread)
[2025-01-26 23:25:09,010] INFO [broker-0-to-controller-send-thread]: Shutdown completed (kafka.server.BrokerToControllerRequestThread)
[2025-01-26 23:25:09,010] INFO [broker-0-to-controller-send-thread]: Stopped (kafka.server.BrokerToControllerRequestThread)
[2025-01-26 23:25:09,013] INFO Broker to controller channel manager for alterIsrChannel shutdown (kafka.server.BrokerToControllerChannelManagerImpl)
[2025-01-26 23:25:09,016] INFO Shutting down. (kafka.log.LogManager)
[2025-01-26 23:25:09,048] INFO [ProducerStateManager partition=__consumer_offsets-43] Writing producer snapshot at offset 667 (kafka.log.ProducerStateManager)
[2025-01-26 23:25:09,240] INFO Shutdown complete. (kafka.log.LogManager)
[2025-01-26 23:25:09,257] INFO [feature-zk-node-event-process-thread]: Shutting down (kafka.server.FinalizedFeatureChangeListener$ChangeNotificationProcessorThread)
[2025-01-26 23:25:09,257] INFO [feature-zk-node-event-process-thread]: Shutdown completed (kafka.server.FinalizedFeatureChangeListener$ChangeNotificationProcessorThread)
[2025-01-26 23:25:09,257] INFO [feature-zk-node-event-process-thread]: Stopped (kafka.server.FinalizedFeatureChangeListener$ChangeNotificationProcessorThread)
[2025-01-26 23:25:09,259] INFO [ZooKeeperClient Kafka server] Closing. (kafka.zookeeper.ZooKeeperClient)
[2025-01-26 23:25:09,368] INFO Session: 0x10000c45cb40000 closed (org.apache.zookeeper.ZooKeeper)
[2025-01-26 23:25:09,368] INFO EventThread shut down for session: 0x10000c45cb40000 (org.apache.zookeeper.ClientCnxn)
[2025-01-26 23:25:09,369] INFO [ZooKeeperClient Kafka server] Closed. (kafka.zookeeper.ZooKeeperClient)
[2025-01-26 23:25:09,369] INFO [ThrottledChannelReaper-Fetch]: Shutting down (kafka.server.ClientQuotaManager$ThrottledChannelReaper)
[2025-01-26 23:25:10,126] INFO [ThrottledChannelReaper-Fetch]: Stopped (kafka.server.ClientQuotaManager$ThrottledChannelReaper)
[2025-01-26 23:25:10,126] INFO [ThrottledChannelReaper-Fetch]: Shutdown completed (kafka.server.ClientQuotaManager$ThrottledChannelReaper)
[2025-01-26 23:25:10,126] INFO [ThrottledChannelReaper-Produce]: Shutting down (kafka.server.ClientQuotaManager$ThrottledChannelReaper)
[2025-01-26 23:25:10,134] INFO [ThrottledChannelReaper-Produce]: Stopped (kafka.server.ClientQuotaManager$ThrottledChannelReaper)
[2025-01-26 23:25:10,134] INFO [ThrottledChannelReaper-Produce]: Shutdown completed (kafka.server.ClientQuotaManager$ThrottledChannelReaper)
[2025-01-26 23:25:10,134] INFO [ThrottledChannelReaper-Request]: Shutting down (kafka.server.ClientQuotaManager$ThrottledChannelReaper)
[2025-01-26 23:25:11,126] INFO [ThrottledChannelReaper-Request]: Stopped (kafka.server.ClientQuotaManager$ThrottledChannelReaper)
[2025-01-26 23:25:11,127] INFO [ThrottledChannelReaper-Request]: Shutdown completed (kafka.server.ClientQuotaManager$ThrottledChannelReaper)
[2025-01-26 23:25:11,127] INFO [ThrottledChannelReaper-ControllerMutation]: Shutting down (kafka.server.ClientQuotaManager$ThrottledChannelReaper)
[2025-01-26 23:25:11,127] INFO [ThrottledChannelReaper-ControllerMutation]: Stopped (kafka.server.ClientQuotaManager$ThrottledChannelReaper)
[2025-01-26 23:25:11,127] INFO [ThrottledChannelReaper-ControllerMutation]: Shutdown completed (kafka.server.ClientQuotaManager$ThrottledChannelReaper)
[2025-01-26 23:25:11,128] INFO [SocketServer listenerType=ZK_BROKER, nodeId=0] Shutting down socket server (kafka.network.SocketServer)
[2025-01-26 23:25:11,137] INFO [SocketServer listenerType=ZK_BROKER, nodeId=0] Shutdown completed (kafka.network.SocketServer)
[2025-01-26 23:25:11,137] INFO Metrics scheduler closed (org.apache.kafka.common.metrics.Metrics)
[2025-01-26 23:25:11,137] INFO Closing reporter org.apache.kafka.common.metrics.JmxReporter (org.apache.kafka.common.metrics.Metrics)
[2025-01-26 23:25:11,137] INFO Metrics reporters closed (org.apache.kafka.common.metrics.Metrics)
[2025-01-26 23:25:11,138] INFO Broker and topic stats closed (kafka.server.BrokerTopicStats)
[2025-01-26 23:25:11,138] INFO App info kafka.server for 0 unregistered (org.apache.kafka.common.utils.AppInfoParser)
[2025-01-26 23:25:11,139] INFO [KafkaServer id=0] shut down completed (kafka.server.KafkaServer)
[2025-01-26 23:54:59,948] INFO Reading configuration from: config/zookeeper.properties (org.apache.zookeeper.server.quorum.QuorumPeerConfig)
[2025-01-26 23:54:59,950] WARN config/zookeeper.properties is relative. Prepend ./ to indicate that you're sure! (org.apache.zookeeper.server.quorum.QuorumPeerConfig)
[2025-01-26 23:54:59,953] INFO clientPortAddress is 0.0.0.0:2181 (org.apache.zookeeper.server.quorum.QuorumPeerConfig)
[2025-01-26 23:54:59,953] INFO secureClientPort is not set (org.apache.zookeeper.server.quorum.QuorumPeerConfig)
[2025-01-26 23:54:59,955] INFO autopurge.snapRetainCount set to 3 (org.apache.zookeeper.server.DatadirCleanupManager)
[2025-01-26 23:54:59,955] INFO autopurge.purgeInterval set to 0 (org.apache.zookeeper.server.DatadirCleanupManager)
[2025-01-26 23:54:59,955] INFO Purge task is not scheduled. (org.apache.zookeeper.server.DatadirCleanupManager)
[2025-01-26 23:54:59,955] WARN Either no config or no quorum defined in config, running  in standalone mode (org.apache.zookeeper.server.quorum.QuorumPeerMain)
[2025-01-26 23:54:59,957] INFO Log4j 1.2 jmx support found and enabled. (org.apache.zookeeper.jmx.ManagedUtil)
[2025-01-26 23:54:59,967] INFO Reading configuration from: config/zookeeper.properties (org.apache.zookeeper.server.quorum.QuorumPeerConfig)
[2025-01-26 23:54:59,967] WARN config/zookeeper.properties is relative. Prepend ./ to indicate that you're sure! (org.apache.zookeeper.server.quorum.QuorumPeerConfig)
[2025-01-26 23:54:59,967] INFO clientPortAddress is 0.0.0.0:2181 (org.apache.zookeeper.server.quorum.QuorumPeerConfig)
[2025-01-26 23:54:59,967] INFO secureClientPort is not set (org.apache.zookeeper.server.quorum.QuorumPeerConfig)
[2025-01-26 23:54:59,967] INFO Starting server (org.apache.zookeeper.server.ZooKeeperServerMain)
[2025-01-26 23:54:59,969] INFO zookeeper.snapshot.trust.empty : false (org.apache.zookeeper.server.persistence.FileTxnSnapLog)
[2025-01-26 23:54:59,978] INFO Server environment:zookeeper.version=3.5.9-83df9301aa5c2a5d284a9940177808c01bc35cef, built on 01/06/2021 20:03 GMT (org.apache.zookeeper.server.ZooKeeperServer)
[2025-01-26 23:54:59,978] INFO Server environment:host.name=hansaka-ubuntu (org.apache.zookeeper.server.ZooKeeperServer)
[2025-01-26 23:54:59,978] INFO Server environment:java.version=11.0.25 (org.apache.zookeeper.server.ZooKeeperServer)
[2025-01-26 23:54:59,978] INFO Server environment:java.vendor=Ubuntu (org.apache.zookeeper.server.ZooKeeperServer)
[2025-01-26 23:54:59,978] INFO Server environment:java.home=/usr/lib/jvm/java-11-openjdk-amd64 (org.apache.zookeeper.server.ZooKeeperServer)
[2025-01-26 23:54:59,978] INFO Server environment:java.class.path=/home/hansaka/fyp/EDFLY/withJSON/kafka_2.13-2.8.0/bin/../libs/activation-1.1.1.jar:/home/hansaka/fyp/EDFLY/withJSON/kafka_2.13-2.8.0/bin/../libs/aopalliance-repackaged-2.6.1.jar:/home/hansaka/fyp/EDFLY/withJSON/kafka_2.13-2.8.0/bin/../libs/argparse4j-0.7.0.jar:/home/hansaka/fyp/EDFLY/withJSON/kafka_2.13-2.8.0/bin/../libs/audience-annotations-0.5.0.jar:/home/hansaka/fyp/EDFLY/withJSON/kafka_2.13-2.8.0/bin/../libs/commons-cli-1.4.jar:/home/hansaka/fyp/EDFLY/withJSON/kafka_2.13-2.8.0/bin/../libs/commons-lang3-3.8.1.jar:/home/hansaka/fyp/EDFLY/withJSON/kafka_2.13-2.8.0/bin/../libs/connect-api-2.8.0.jar:/home/hansaka/fyp/EDFLY/withJSON/kafka_2.13-2.8.0/bin/../libs/connect-basic-auth-extension-2.8.0.jar:/home/hansaka/fyp/EDFLY/withJSON/kafka_2.13-2.8.0/bin/../libs/connect-file-2.8.0.jar:/home/hansaka/fyp/EDFLY/withJSON/kafka_2.13-2.8.0/bin/../libs/connect-json-2.8.0.jar:/home/hansaka/fyp/EDFLY/withJSON/kafka_2.13-2.8.0/bin/../libs/connect-mirror-2.8.0.jar:/home/hansaka/fyp/EDFLY/withJSON/kafka_2.13-2.8.0/bin/../libs/connect-mirror-client-2.8.0.jar:/home/hansaka/fyp/EDFLY/withJSON/kafka_2.13-2.8.0/bin/../libs/connect-runtime-2.8.0.jar:/home/hansaka/fyp/EDFLY/withJSON/kafka_2.13-2.8.0/bin/../libs/connect-transforms-2.8.0.jar:/home/hansaka/fyp/EDFLY/withJSON/kafka_2.13-2.8.0/bin/../libs/hk2-api-2.6.1.jar:/home/hansaka/fyp/EDFLY/withJSON/kafka_2.13-2.8.0/bin/../libs/hk2-locator-2.6.1.jar:/home/hansaka/fyp/EDFLY/withJSON/kafka_2.13-2.8.0/bin/../libs/hk2-utils-2.6.1.jar:/home/hansaka/fyp/EDFLY/withJSON/kafka_2.13-2.8.0/bin/../libs/jackson-annotations-2.10.5.jar:/home/hansaka/fyp/EDFLY/withJSON/kafka_2.13-2.8.0/bin/../libs/jackson-core-2.10.5.jar:/home/hansaka/fyp/EDFLY/withJSON/kafka_2.13-2.8.0/bin/../libs/jackson-databind-2.10.5.1.jar:/home/hansaka/fyp/EDFLY/withJSON/kafka_2.13-2.8.0/bin/../libs/jackson-dataformat-csv-2.10.5.jar:/home/hansaka/fyp/EDFLY/withJSON/kafka_2.13-2.8.0/bin/../libs/jackson-datatype-jdk8-2.10.5.jar:/home/hansaka/fyp/EDFLY/withJSON/kafka_2.13-2.8.0/bin/../libs/jackson-jaxrs-base-2.10.5.jar:/home/hansaka/fyp/EDFLY/withJSON/kafka_2.13-2.8.0/bin/../libs/jackson-jaxrs-json-provider-2.10.5.jar:/home/hansaka/fyp/EDFLY/withJSON/kafka_2.13-2.8.0/bin/../libs/jackson-module-jaxb-annotations-2.10.5.jar:/home/hansaka/fyp/EDFLY/withJSON/kafka_2.13-2.8.0/bin/../libs/jackson-module-paranamer-2.10.5.jar:/home/hansaka/fyp/EDFLY/withJSON/kafka_2.13-2.8.0/bin/../libs/jackson-module-scala_2.13-2.10.5.jar:/home/hansaka/fyp/EDFLY/withJSON/kafka_2.13-2.8.0/bin/../libs/jakarta.activation-api-1.2.1.jar:/home/hansaka/fyp/EDFLY/withJSON/kafka_2.13-2.8.0/bin/../libs/jakarta.annotation-api-1.3.5.jar:/home/hansaka/fyp/EDFLY/withJSON/kafka_2.13-2.8.0/bin/../libs/jakarta.inject-2.6.1.jar:/home/hansaka/fyp/EDFLY/withJSON/kafka_2.13-2.8.0/bin/../libs/jakarta.validation-api-2.0.2.jar:/home/hansaka/fyp/EDFLY/withJSON/kafka_2.13-2.8.0/bin/../libs/jakarta.ws.rs-api-2.1.6.jar:/home/hansaka/fyp/EDFLY/withJSON/kafka_2.13-2.8.0/bin/../libs/jakarta.xml.bind-api-2.3.2.jar:/home/hansaka/fyp/EDFLY/withJSON/kafka_2.13-2.8.0/bin/../libs/javassist-3.27.0-GA.jar:/home/hansaka/fyp/EDFLY/withJSON/kafka_2.13-2.8.0/bin/../libs/javax.servlet-api-3.1.0.jar:/home/hansaka/fyp/EDFLY/withJSON/kafka_2.13-2.8.0/bin/../libs/javax.ws.rs-api-2.1.1.jar:/home/hansaka/fyp/EDFLY/withJSON/kafka_2.13-2.8.0/bin/../libs/jaxb-api-2.3.0.jar:/home/hansaka/fyp/EDFLY/withJSON/kafka_2.13-2.8.0/bin/../libs/jersey-client-2.31.jar:/home/hansaka/fyp/EDFLY/withJSON/kafka_2.13-2.8.0/bin/../libs/jersey-common-2.31.jar:/home/hansaka/fyp/EDFLY/withJSON/kafka_2.13-2.8.0/bin/../libs/jersey-container-servlet-2.31.jar:/home/hansaka/fyp/EDFLY/withJSON/kafka_2.13-2.8.0/bin/../libs/jersey-container-servlet-core-2.31.jar:/home/hansaka/fyp/EDFLY/withJSON/kafka_2.13-2.8.0/bin/../libs/jersey-hk2-2.31.jar:/home/hansaka/fyp/EDFLY/withJSON/kafka_2.13-2.8.0/bin/../libs/jersey-media-jaxb-2.31.jar:/home/hansaka/fyp/EDFLY/withJSON/kafka_2.13-2.8.0/bin/../libs/jersey-server-2.31.jar:/home/hansaka/fyp/EDFLY/withJSON/kafka_2.13-2.8.0/bin/../libs/jetty-client-9.4.39.v20210325.jar:/home/hansaka/fyp/EDFLY/withJSON/kafka_2.13-2.8.0/bin/../libs/jetty-continuation-9.4.39.v20210325.jar:/home/hansaka/fyp/EDFLY/withJSON/kafka_2.13-2.8.0/bin/../libs/jetty-http-9.4.39.v20210325.jar:/home/hansaka/fyp/EDFLY/withJSON/kafka_2.13-2.8.0/bin/../libs/jetty-io-9.4.39.v20210325.jar:/home/hansaka/fyp/EDFLY/withJSON/kafka_2.13-2.8.0/bin/../libs/jetty-security-9.4.39.v20210325.jar:/home/hansaka/fyp/EDFLY/withJSON/kafka_2.13-2.8.0/bin/../libs/jetty-server-9.4.39.v20210325.jar:/home/hansaka/fyp/EDFLY/withJSON/kafka_2.13-2.8.0/bin/../libs/jetty-servlet-9.4.39.v20210325.jar:/home/hansaka/fyp/EDFLY/withJSON/kafka_2.13-2.8.0/bin/../libs/jetty-servlets-9.4.39.v20210325.jar:/home/hansaka/fyp/EDFLY/withJSON/kafka_2.13-2.8.0/bin/../libs/jetty-util-9.4.39.v20210325.jar:/home/hansaka/fyp/EDFLY/withJSON/kafka_2.13-2.8.0/bin/../libs/jetty-util-ajax-9.4.39.v20210325.jar:/home/hansaka/fyp/EDFLY/withJSON/kafka_2.13-2.8.0/bin/../libs/jline-3.12.1.jar:/home/hansaka/fyp/EDFLY/withJSON/kafka_2.13-2.8.0/bin/../libs/jopt-simple-5.0.4.jar:/home/hansaka/fyp/EDFLY/withJSON/kafka_2.13-2.8.0/bin/../libs/kafka_2.13-2.8.0.jar:/home/hansaka/fyp/EDFLY/withJSON/kafka_2.13-2.8.0/bin/../libs/kafka_2.13-2.8.0-sources.jar:/home/hansaka/fyp/EDFLY/withJSON/kafka_2.13-2.8.0/bin/../libs/kafka-clients-2.8.0.jar:/home/hansaka/fyp/EDFLY/withJSON/kafka_2.13-2.8.0/bin/../libs/kafka-log4j-appender-2.8.0.jar:/home/hansaka/fyp/EDFLY/withJSON/kafka_2.13-2.8.0/bin/../libs/kafka-metadata-2.8.0.jar:/home/hansaka/fyp/EDFLY/withJSON/kafka_2.13-2.8.0/bin/../libs/kafka-raft-2.8.0.jar:/home/hansaka/fyp/EDFLY/withJSON/kafka_2.13-2.8.0/bin/../libs/kafka-shell-2.8.0.jar:/home/hansaka/fyp/EDFLY/withJSON/kafka_2.13-2.8.0/bin/../libs/kafka-streams-2.8.0.jar:/home/hansaka/fyp/EDFLY/withJSON/kafka_2.13-2.8.0/bin/../libs/kafka-streams-examples-2.8.0.jar:/home/hansaka/fyp/EDFLY/withJSON/kafka_2.13-2.8.0/bin/../libs/kafka-streams-scala_2.13-2.8.0.jar:/home/hansaka/fyp/EDFLY/withJSON/kafka_2.13-2.8.0/bin/../libs/kafka-streams-test-utils-2.8.0.jar:/home/hansaka/fyp/EDFLY/withJSON/kafka_2.13-2.8.0/bin/../libs/kafka-tools-2.8.0.jar:/home/hansaka/fyp/EDFLY/withJSON/kafka_2.13-2.8.0/bin/../libs/log4j-1.2.17.jar:/home/hansaka/fyp/EDFLY/withJSON/kafka_2.13-2.8.0/bin/../libs/lz4-java-1.7.1.jar:/home/hansaka/fyp/EDFLY/withJSON/kafka_2.13-2.8.0/bin/../libs/maven-artifact-3.6.3.jar:/home/hansaka/fyp/EDFLY/withJSON/kafka_2.13-2.8.0/bin/../libs/metrics-core-2.2.0.jar:/home/hansaka/fyp/EDFLY/withJSON/kafka_2.13-2.8.0/bin/../libs/netty-buffer-4.1.62.Final.jar:/home/hansaka/fyp/EDFLY/withJSON/kafka_2.13-2.8.0/bin/../libs/netty-codec-4.1.62.Final.jar:/home/hansaka/fyp/EDFLY/withJSON/kafka_2.13-2.8.0/bin/../libs/netty-common-4.1.62.Final.jar:/home/hansaka/fyp/EDFLY/withJSON/kafka_2.13-2.8.0/bin/../libs/netty-handler-4.1.62.Final.jar:/home/hansaka/fyp/EDFLY/withJSON/kafka_2.13-2.8.0/bin/../libs/netty-resolver-4.1.62.Final.jar:/home/hansaka/fyp/EDFLY/withJSON/kafka_2.13-2.8.0/bin/../libs/netty-transport-4.1.62.Final.jar:/home/hansaka/fyp/EDFLY/withJSON/kafka_2.13-2.8.0/bin/../libs/netty-transport-native-epoll-4.1.62.Final.jar:/home/hansaka/fyp/EDFLY/withJSON/kafka_2.13-2.8.0/bin/../libs/netty-transport-native-unix-common-4.1.62.Final.jar:/home/hansaka/fyp/EDFLY/withJSON/kafka_2.13-2.8.0/bin/../libs/osgi-resource-locator-1.0.3.jar:/home/hansaka/fyp/EDFLY/withJSON/kafka_2.13-2.8.0/bin/../libs/paranamer-2.8.jar:/home/hansaka/fyp/EDFLY/withJSON/kafka_2.13-2.8.0/bin/../libs/plexus-utils-3.2.1.jar:/home/hansaka/fyp/EDFLY/withJSON/kafka_2.13-2.8.0/bin/../libs/reflections-0.9.12.jar:/home/hansaka/fyp/EDFLY/withJSON/kafka_2.13-2.8.0/bin/../libs/rocksdbjni-5.18.4.jar:/home/hansaka/fyp/EDFLY/withJSON/kafka_2.13-2.8.0/bin/../libs/scala-collection-compat_2.13-2.3.0.jar:/home/hansaka/fyp/EDFLY/withJSON/kafka_2.13-2.8.0/bin/../libs/scala-java8-compat_2.13-0.9.1.jar:/home/hansaka/fyp/EDFLY/withJSON/kafka_2.13-2.8.0/bin/../libs/scala-library-2.13.5.jar:/home/hansaka/fyp/EDFLY/withJSON/kafka_2.13-2.8.0/bin/../libs/scala-logging_2.13-3.9.2.jar:/home/hansaka/fyp/EDFLY/withJSON/kafka_2.13-2.8.0/bin/../libs/scala-reflect-2.13.5.jar:/home/hansaka/fyp/EDFLY/withJSON/kafka_2.13-2.8.0/bin/../libs/slf4j-api-1.7.30.jar:/home/hansaka/fyp/EDFLY/withJSON/kafka_2.13-2.8.0/bin/../libs/slf4j-log4j12-1.7.30.jar:/home/hansaka/fyp/EDFLY/withJSON/kafka_2.13-2.8.0/bin/../libs/snappy-java-1.1.8.1.jar:/home/hansaka/fyp/EDFLY/withJSON/kafka_2.13-2.8.0/bin/../libs/zookeeper-3.5.9.jar:/home/hansaka/fyp/EDFLY/withJSON/kafka_2.13-2.8.0/bin/../libs/zookeeper-jute-3.5.9.jar:/home/hansaka/fyp/EDFLY/withJSON/kafka_2.13-2.8.0/bin/../libs/zstd-jni-1.4.9-1.jar (org.apache.zookeeper.server.ZooKeeperServer)
[2025-01-26 23:54:59,978] INFO Server environment:java.library.path=/usr/java/packages/lib:/usr/lib/x86_64-linux-gnu/jni:/lib/x86_64-linux-gnu:/usr/lib/x86_64-linux-gnu:/usr/lib/jni:/lib:/usr/lib (org.apache.zookeeper.server.ZooKeeperServer)
[2025-01-26 23:54:59,978] INFO Server environment:java.io.tmpdir=/tmp (org.apache.zookeeper.server.ZooKeeperServer)
[2025-01-26 23:54:59,978] INFO Server environment:java.compiler=<NA> (org.apache.zookeeper.server.ZooKeeperServer)
[2025-01-26 23:54:59,978] INFO Server environment:os.name=Linux (org.apache.zookeeper.server.ZooKeeperServer)
[2025-01-26 23:54:59,978] INFO Server environment:os.arch=amd64 (org.apache.zookeeper.server.ZooKeeperServer)
[2025-01-26 23:54:59,978] INFO Server environment:os.version=6.8.0-51-generic (org.apache.zookeeper.server.ZooKeeperServer)
[2025-01-26 23:54:59,979] INFO Server environment:user.name=hansaka (org.apache.zookeeper.server.ZooKeeperServer)
[2025-01-26 23:54:59,979] INFO Server environment:user.home=/home/hansaka (org.apache.zookeeper.server.ZooKeeperServer)
[2025-01-26 23:54:59,979] INFO Server environment:user.dir=/home/hansaka/fyp/EDFLY/withJSON/kafka_2.13-2.8.0 (org.apache.zookeeper.server.ZooKeeperServer)
[2025-01-26 23:54:59,979] INFO Server environment:os.memory.free=494MB (org.apache.zookeeper.server.ZooKeeperServer)
[2025-01-26 23:54:59,979] INFO Server environment:os.memory.max=512MB (org.apache.zookeeper.server.ZooKeeperServer)
[2025-01-26 23:54:59,979] INFO Server environment:os.memory.total=512MB (org.apache.zookeeper.server.ZooKeeperServer)
[2025-01-26 23:54:59,980] INFO minSessionTimeout set to 6000 (org.apache.zookeeper.server.ZooKeeperServer)
[2025-01-26 23:54:59,980] INFO maxSessionTimeout set to 60000 (org.apache.zookeeper.server.ZooKeeperServer)
[2025-01-26 23:54:59,980] INFO Created server with tickTime 3000 minSessionTimeout 6000 maxSessionTimeout 60000 datadir /tmp/zookeeper/version-2 snapdir /tmp/zookeeper/version-2 (org.apache.zookeeper.server.ZooKeeperServer)
[2025-01-26 23:54:59,986] INFO Using org.apache.zookeeper.server.NIOServerCnxnFactory as server connection factory (org.apache.zookeeper.server.ServerCnxnFactory)
[2025-01-26 23:54:59,992] INFO Configuring NIO connection handler with 10s sessionless connection timeout, 2 selector thread(s), 24 worker threads, and 64 kB direct buffers. (org.apache.zookeeper.server.NIOServerCnxnFactory)
[2025-01-26 23:54:59,995] INFO binding to port 0.0.0.0/0.0.0.0:2181 (org.apache.zookeeper.server.NIOServerCnxnFactory)
[2025-01-26 23:55:00,007] INFO zookeeper.snapshotSizeFactor = 0.33 (org.apache.zookeeper.server.ZKDatabase)
[2025-01-26 23:55:00,009] INFO Reading snapshot /tmp/zookeeper/version-2/snapshot.c0 (org.apache.zookeeper.server.persistence.FileSnap)
[2025-01-26 23:55:00,028] INFO Snapshotting: 0xd5 to /tmp/zookeeper/version-2/snapshot.d5 (org.apache.zookeeper.server.persistence.FileTxnSnapLog)
[2025-01-26 23:55:00,039] INFO PrepRequestProcessor (sid:0) started, reconfigEnabled=false (org.apache.zookeeper.server.PrepRequestProcessor)
[2025-01-26 23:55:00,044] INFO Using checkIntervalMs=60000 maxPerMinute=10000 (org.apache.zookeeper.server.ContainerManager)
