2025-02-01 14:02:21,777 INFO  org.apache.flink.runtime.entrypoint.ClusterEntrypoint        [] - --------------------------------------------------------------------------------
2025-02-01 14:02:21,778 INFO  org.apache.flink.runtime.entrypoint.ClusterEntrypoint        [] -  Preconfiguration: 
2025-02-01 14:02:21,778 INFO  org.apache.flink.runtime.entrypoint.ClusterEntrypoint        [] - 


RESOURCE_PARAMS extraction logs:
jvm_params: -Xmx1073741824 -Xms1073741824 -XX:MaxMetaspaceSize=268435456
dynamic_configs: -D jobmanager.memory.off-heap.size=134217728b -D jobmanager.memory.jvm-overhead.min=201326592b -D jobmanager.memory.jvm-metaspace.size=268435456b -D jobmanager.memory.heap.size=1073741824b -D jobmanager.memory.jvm-overhead.max=201326592b
logs: WARNING: sun.reflect.Reflection.getCallerClass is not supported. This will impact performance.
INFO  [] - Loading configuration property: jobmanager.rpc.address, localhost
INFO  [] - Loading configuration property: jobmanager.rpc.port, 6123
INFO  [] - Loading configuration property: jobmanager.memory.process.size, 1600m
INFO  [] - Loading configuration property: taskmanager.memory.process.size, 1728m
INFO  [] - Loading configuration property: taskmanager.numberOfTaskSlots, 1
INFO  [] - Loading configuration property: parallelism.default, 1
INFO  [] - Loading configuration property: jobmanager.execution.failover-strategy, region
INFO  [] - Loading configuration property: metrics.reporters, prometheus
INFO  [] - Loading configuration property: metrics.reporter.prometheus.class, org.apache.flink.metrics.prometheus.PrometheusReporter
INFO  [] - Loading configuration property: metrics.reporter.prometheus.host, "0.0.0.0"
INFO  [] - Loading configuration property: metrics.reporter.prometheus.port, 9249
INFO  [] - Loading configuration property: metrics.reporters, prometheus
INFO  [] - Loading configuration property: metrics.reporter.prometheus.class, org.apache.flink.metrics.prometheus.PrometheusReporter
INFO  [] - Loading configuration property: metrics.reporter.prometheus.host, "112.134.231.79"
INFO  [] - Loading configuration property: metrics.reporter.prometheus.port, 9249
INFO  [] - The derived from fraction jvm overhead memory (160.000mb (167772162 bytes)) is less than its min value 192.000mb (201326592 bytes), min value will be used instead
INFO  [] - Final Master Memory configuration:
INFO  [] -   Total Process Memory: 1.563gb (1677721600 bytes)
INFO  [] -     Total Flink Memory: 1.125gb (1207959552 bytes)
INFO  [] -       JVM Heap:         1024.000mb (1073741824 bytes)
INFO  [] -       Off-heap:         128.000mb (134217728 bytes)
INFO  [] -     JVM Metaspace:      256.000mb (268435456 bytes)
INFO  [] -     JVM Overhead:       192.000mb (201326592 bytes)

2025-02-01 14:02:21,779 INFO  org.apache.flink.runtime.entrypoint.ClusterEntrypoint        [] - --------------------------------------------------------------------------------
2025-02-01 14:02:21,779 INFO  org.apache.flink.runtime.entrypoint.ClusterEntrypoint        [] -  Starting StandaloneSessionClusterEntrypoint (Version: 1.13.6, Scala: 2.12, Rev:b2ca390, Date:2022-02-03T14:54:22+01:00)
2025-02-01 14:02:21,779 INFO  org.apache.flink.runtime.entrypoint.ClusterEntrypoint        [] -  OS current user: hansaka
2025-02-01 14:02:21,779 INFO  org.apache.flink.runtime.entrypoint.ClusterEntrypoint        [] -  Current Hadoop/Kerberos user: <no hadoop dependency found>
2025-02-01 14:02:21,779 INFO  org.apache.flink.runtime.entrypoint.ClusterEntrypoint        [] -  JVM: OpenJDK 64-Bit Server VM - Ubuntu - 11/11.0.25+9-post-Ubuntu-1ubuntu122.04
2025-02-01 14:02:21,779 INFO  org.apache.flink.runtime.entrypoint.ClusterEntrypoint        [] -  Maximum heap size: 1024 MiBytes
2025-02-01 14:02:21,779 INFO  org.apache.flink.runtime.entrypoint.ClusterEntrypoint        [] -  JAVA_HOME: (not set)
2025-02-01 14:02:21,779 INFO  org.apache.flink.runtime.entrypoint.ClusterEntrypoint        [] -  No Hadoop Dependency available
2025-02-01 14:02:21,779 INFO  org.apache.flink.runtime.entrypoint.ClusterEntrypoint        [] -  JVM Options:
2025-02-01 14:02:21,779 INFO  org.apache.flink.runtime.entrypoint.ClusterEntrypoint        [] -     -Xmx1073741824
2025-02-01 14:02:21,779 INFO  org.apache.flink.runtime.entrypoint.ClusterEntrypoint        [] -     -Xms1073741824
2025-02-01 14:02:21,779 INFO  org.apache.flink.runtime.entrypoint.ClusterEntrypoint        [] -     -XX:MaxMetaspaceSize=268435456
2025-02-01 14:02:21,779 INFO  org.apache.flink.runtime.entrypoint.ClusterEntrypoint        [] -     -Dlog.file=/home/hansaka/fyp/EDFLY/withJSON/flink-1.13.6/log/flink-hansaka-standalonesession-1-hansaka-ubuntu.log
2025-02-01 14:02:21,779 INFO  org.apache.flink.runtime.entrypoint.ClusterEntrypoint        [] -     -Dlog4j.configuration=file:/home/hansaka/fyp/EDFLY/withJSON/flink-1.13.6/conf/log4j.properties
2025-02-01 14:02:21,779 INFO  org.apache.flink.runtime.entrypoint.ClusterEntrypoint        [] -     -Dlog4j.configurationFile=file:/home/hansaka/fyp/EDFLY/withJSON/flink-1.13.6/conf/log4j.properties
2025-02-01 14:02:21,780 INFO  org.apache.flink.runtime.entrypoint.ClusterEntrypoint        [] -     -Dlogback.configurationFile=file:/home/hansaka/fyp/EDFLY/withJSON/flink-1.13.6/conf/logback.xml
2025-02-01 14:02:21,780 INFO  org.apache.flink.runtime.entrypoint.ClusterEntrypoint        [] -  Program Arguments:
2025-02-01 14:02:21,780 INFO  org.apache.flink.runtime.entrypoint.ClusterEntrypoint        [] -     --configDir
2025-02-01 14:02:21,780 INFO  org.apache.flink.runtime.entrypoint.ClusterEntrypoint        [] -     /home/hansaka/fyp/EDFLY/withJSON/flink-1.13.6/conf
2025-02-01 14:02:21,780 INFO  org.apache.flink.runtime.entrypoint.ClusterEntrypoint        [] -     --executionMode
2025-02-01 14:02:21,780 INFO  org.apache.flink.runtime.entrypoint.ClusterEntrypoint        [] -     cluster
2025-02-01 14:02:21,780 INFO  org.apache.flink.runtime.entrypoint.ClusterEntrypoint        [] -     -D
2025-02-01 14:02:21,780 INFO  org.apache.flink.runtime.entrypoint.ClusterEntrypoint        [] -     jobmanager.memory.off-heap.size=134217728b
2025-02-01 14:02:21,780 INFO  org.apache.flink.runtime.entrypoint.ClusterEntrypoint        [] -     -D
2025-02-01 14:02:21,780 INFO  org.apache.flink.runtime.entrypoint.ClusterEntrypoint        [] -     jobmanager.memory.jvm-overhead.min=201326592b
2025-02-01 14:02:21,781 INFO  org.apache.flink.runtime.entrypoint.ClusterEntrypoint        [] -     -D
2025-02-01 14:02:21,781 INFO  org.apache.flink.runtime.entrypoint.ClusterEntrypoint        [] -     jobmanager.memory.jvm-metaspace.size=268435456b
2025-02-01 14:02:21,781 INFO  org.apache.flink.runtime.entrypoint.ClusterEntrypoint        [] -     -D
2025-02-01 14:02:21,781 INFO  org.apache.flink.runtime.entrypoint.ClusterEntrypoint        [] -     jobmanager.memory.heap.size=1073741824b
2025-02-01 14:02:21,781 INFO  org.apache.flink.runtime.entrypoint.ClusterEntrypoint        [] -     -D
2025-02-01 14:02:21,781 INFO  org.apache.flink.runtime.entrypoint.ClusterEntrypoint        [] -     jobmanager.memory.jvm-overhead.max=201326592b
2025-02-01 14:02:21,781 INFO  org.apache.flink.runtime.entrypoint.ClusterEntrypoint        [] -  Classpath: /home/hansaka/fyp/EDFLY/withJSON/flink-1.13.6/lib/flink-csv-1.13.6.jar:/home/hansaka/fyp/EDFLY/withJSON/flink-1.13.6/lib/flink-json-1.13.6.jar:/home/hansaka/fyp/EDFLY/withJSON/flink-1.13.6/lib/flink-shaded-zookeeper-3.4.14.jar:/home/hansaka/fyp/EDFLY/withJSON/flink-1.13.6/lib/flink-table_2.12-1.13.6.jar:/home/hansaka/fyp/EDFLY/withJSON/flink-1.13.6/lib/flink-table-blink_2.12-1.13.6.jar:/home/hansaka/fyp/EDFLY/withJSON/flink-1.13.6/lib/log4j-1.2-api-2.17.1.jar:/home/hansaka/fyp/EDFLY/withJSON/flink-1.13.6/lib/log4j-api-2.17.1.jar:/home/hansaka/fyp/EDFLY/withJSON/flink-1.13.6/lib/log4j-core-2.17.1.jar:/home/hansaka/fyp/EDFLY/withJSON/flink-1.13.6/lib/log4j-slf4j-impl-2.17.1.jar:/home/hansaka/fyp/EDFLY/withJSON/flink-1.13.6/lib/flink-dist_2.12-1.13.6.jar:::
2025-02-01 14:02:21,781 INFO  org.apache.flink.runtime.entrypoint.ClusterEntrypoint        [] - --------------------------------------------------------------------------------
2025-02-01 14:02:21,782 INFO  org.apache.flink.runtime.entrypoint.ClusterEntrypoint        [] - Registered UNIX signal handlers for [TERM, HUP, INT]
2025-02-01 14:02:21,789 INFO  org.apache.flink.configuration.GlobalConfiguration           [] - Loading configuration property: jobmanager.rpc.address, localhost
2025-02-01 14:02:21,790 INFO  org.apache.flink.configuration.GlobalConfiguration           [] - Loading configuration property: jobmanager.rpc.port, 6123
2025-02-01 14:02:21,790 INFO  org.apache.flink.configuration.GlobalConfiguration           [] - Loading configuration property: jobmanager.memory.process.size, 1600m
2025-02-01 14:02:21,790 INFO  org.apache.flink.configuration.GlobalConfiguration           [] - Loading configuration property: taskmanager.memory.process.size, 1728m
2025-02-01 14:02:21,790 INFO  org.apache.flink.configuration.GlobalConfiguration           [] - Loading configuration property: taskmanager.numberOfTaskSlots, 1
2025-02-01 14:02:21,790 INFO  org.apache.flink.configuration.GlobalConfiguration           [] - Loading configuration property: parallelism.default, 1
2025-02-01 14:02:21,790 INFO  org.apache.flink.configuration.GlobalConfiguration           [] - Loading configuration property: jobmanager.execution.failover-strategy, region
2025-02-01 14:02:21,791 INFO  org.apache.flink.configuration.GlobalConfiguration           [] - Loading configuration property: metrics.reporters, prometheus
2025-02-01 14:02:21,791 INFO  org.apache.flink.configuration.GlobalConfiguration           [] - Loading configuration property: metrics.reporter.prometheus.class, org.apache.flink.metrics.prometheus.PrometheusReporter
2025-02-01 14:02:21,791 INFO  org.apache.flink.configuration.GlobalConfiguration           [] - Loading configuration property: metrics.reporter.prometheus.host, "0.0.0.0"
2025-02-01 14:02:21,791 INFO  org.apache.flink.configuration.GlobalConfiguration           [] - Loading configuration property: metrics.reporter.prometheus.port, 9249
2025-02-01 14:02:21,791 INFO  org.apache.flink.configuration.GlobalConfiguration           [] - Loading configuration property: metrics.reporters, prometheus
2025-02-01 14:02:21,791 INFO  org.apache.flink.configuration.GlobalConfiguration           [] - Loading configuration property: metrics.reporter.prometheus.class, org.apache.flink.metrics.prometheus.PrometheusReporter
2025-02-01 14:02:21,792 INFO  org.apache.flink.configuration.GlobalConfiguration           [] - Loading configuration property: metrics.reporter.prometheus.host, "112.134.231.79"
2025-02-01 14:02:21,792 INFO  org.apache.flink.configuration.GlobalConfiguration           [] - Loading configuration property: metrics.reporter.prometheus.port, 9249
2025-02-01 14:02:21,811 INFO  org.apache.flink.runtime.entrypoint.ClusterEntrypoint        [] - Starting StandaloneSessionClusterEntrypoint.
2025-02-01 14:02:21,886 INFO  org.apache.flink.runtime.entrypoint.ClusterEntrypoint        [] - Install default filesystem.
2025-02-01 14:02:21,892 INFO  org.apache.flink.core.fs.FileSystem                          [] - Hadoop is not in the classpath/dependencies. The extended set of supported File Systems via Hadoop is not available.
2025-02-01 14:02:21,953 INFO  org.apache.flink.runtime.entrypoint.ClusterEntrypoint        [] - Install security context.
2025-02-01 14:02:21,964 INFO  org.apache.flink.runtime.security.modules.HadoopModuleFactory [] - Cannot create Hadoop Security Module because Hadoop cannot be found in the Classpath.
2025-02-01 14:02:21,970 INFO  org.apache.flink.runtime.security.modules.JaasModule         [] - Jaas file will be created as /tmp/jaas-5745118983503743576.conf.
2025-02-01 14:02:21,975 INFO  org.apache.flink.runtime.security.contexts.HadoopSecurityContextFactory [] - Cannot install HadoopSecurityContext because Hadoop cannot be found in the Classpath.
2025-02-01 14:02:21,976 INFO  org.apache.flink.runtime.entrypoint.ClusterEntrypoint        [] - Initializing cluster services.
2025-02-01 14:02:22,018 INFO  org.apache.flink.runtime.rpc.akka.AkkaRpcServiceUtils        [] - Trying to start actor system, external address localhost:6123, bind address 0.0.0.0:6123.
2025-02-01 14:02:22,782 INFO  akka.event.slf4j.Slf4jLogger                                 [] - Slf4jLogger started
2025-02-01 14:02:22,816 INFO  akka.remote.Remoting                                         [] - Starting remoting
2025-02-01 14:02:22,973 ERROR akka.remote.transport.netty.NettyTransport                   [] - failed to bind to /0.0.0.0:6123, shutting down Netty transport
2025-02-01 14:02:22,979 INFO  org.apache.flink.runtime.entrypoint.ClusterEntrypoint        [] - Shutting StandaloneSessionClusterEntrypoint down with application status FAILED. Diagnostics java.net.BindException: Could not start actor system on any port in port range 6123
	at org.apache.flink.runtime.clusterframework.BootstrapTools.startRemoteActorSystem(BootstrapTools.java:173)
	at org.apache.flink.runtime.rpc.akka.AkkaRpcServiceUtils$AkkaRpcServiceBuilder.createAndStart(AkkaRpcServiceUtils.java:370)
	at org.apache.flink.runtime.rpc.akka.AkkaRpcServiceUtils$AkkaRpcServiceBuilder.createAndStart(AkkaRpcServiceUtils.java:344)
	at org.apache.flink.runtime.rpc.akka.AkkaRpcServiceUtils.createRemoteRpcService(AkkaRpcServiceUtils.java:92)
	at org.apache.flink.runtime.entrypoint.ClusterEntrypoint.initializeServices(ClusterEntrypoint.java:294)
	at org.apache.flink.runtime.entrypoint.ClusterEntrypoint.runCluster(ClusterEntrypoint.java:239)
	at org.apache.flink.runtime.entrypoint.ClusterEntrypoint.lambda$startCluster$1(ClusterEntrypoint.java:189)
	at org.apache.flink.runtime.security.contexts.NoOpSecurityContext.runSecured(NoOpSecurityContext.java:28)
	at org.apache.flink.runtime.entrypoint.ClusterEntrypoint.startCluster(ClusterEntrypoint.java:186)
	at org.apache.flink.runtime.entrypoint.ClusterEntrypoint.runClusterEntrypoint(ClusterEntrypoint.java:600)
	at org.apache.flink.runtime.entrypoint.StandaloneSessionClusterEntrypoint.main(StandaloneSessionClusterEntrypoint.java:59)
.
2025-02-01 14:02:22,993 INFO  akka.remote.RemoteActorRefProvider$RemotingTerminator        [] - Shutting down remote daemon.
2025-02-01 14:02:22,997 INFO  akka.remote.RemoteActorRefProvider$RemotingTerminator        [] - Remote daemon shut down; proceeding with flushing remote transports.
2025-02-01 14:02:22,997 ERROR org.apache.flink.runtime.entrypoint.ClusterEntrypoint        [] - Could not start cluster entrypoint StandaloneSessionClusterEntrypoint.
org.apache.flink.runtime.entrypoint.ClusterEntrypointException: Failed to initialize the cluster entrypoint StandaloneSessionClusterEntrypoint.
	at org.apache.flink.runtime.entrypoint.ClusterEntrypoint.startCluster(ClusterEntrypoint.java:212) ~[flink-dist_2.12-1.13.6.jar:1.13.6]
	at org.apache.flink.runtime.entrypoint.ClusterEntrypoint.runClusterEntrypoint(ClusterEntrypoint.java:600) [flink-dist_2.12-1.13.6.jar:1.13.6]
	at org.apache.flink.runtime.entrypoint.StandaloneSessionClusterEntrypoint.main(StandaloneSessionClusterEntrypoint.java:59) [flink-dist_2.12-1.13.6.jar:1.13.6]
Caused by: java.net.BindException: Could not start actor system on any port in port range 6123
	at org.apache.flink.runtime.clusterframework.BootstrapTools.startRemoteActorSystem(BootstrapTools.java:173) ~[flink-dist_2.12-1.13.6.jar:1.13.6]
	at org.apache.flink.runtime.rpc.akka.AkkaRpcServiceUtils$AkkaRpcServiceBuilder.createAndStart(AkkaRpcServiceUtils.java:370) ~[flink-dist_2.12-1.13.6.jar:1.13.6]
	at org.apache.flink.runtime.rpc.akka.AkkaRpcServiceUtils$AkkaRpcServiceBuilder.createAndStart(AkkaRpcServiceUtils.java:344) ~[flink-dist_2.12-1.13.6.jar:1.13.6]
	at org.apache.flink.runtime.rpc.akka.AkkaRpcServiceUtils.createRemoteRpcService(AkkaRpcServiceUtils.java:92) ~[flink-dist_2.12-1.13.6.jar:1.13.6]
	at org.apache.flink.runtime.entrypoint.ClusterEntrypoint.initializeServices(ClusterEntrypoint.java:294) ~[flink-dist_2.12-1.13.6.jar:1.13.6]
	at org.apache.flink.runtime.entrypoint.ClusterEntrypoint.runCluster(ClusterEntrypoint.java:239) ~[flink-dist_2.12-1.13.6.jar:1.13.6]
	at org.apache.flink.runtime.entrypoint.ClusterEntrypoint.lambda$startCluster$1(ClusterEntrypoint.java:189) ~[flink-dist_2.12-1.13.6.jar:1.13.6]
	at org.apache.flink.runtime.security.contexts.NoOpSecurityContext.runSecured(NoOpSecurityContext.java:28) ~[flink-dist_2.12-1.13.6.jar:1.13.6]
	at org.apache.flink.runtime.entrypoint.ClusterEntrypoint.startCluster(ClusterEntrypoint.java:186) ~[flink-dist_2.12-1.13.6.jar:1.13.6]
	... 2 more
2025-02-01 14:02:23,003 INFO  akka.remote.RemoteActorRefProvider$RemotingTerminator        [] - Remoting shut down.
2025-02-01 14:02:23,003 ERROR akka.remote.Remoting                                         [] - Remoting system has been terminated abrubtly. Attempting to shut down transports
