2025-02-25 12:26:51,550 INFO  org.apache.flink.runtime.entrypoint.ClusterEntrypoint        [] - --------------------------------------------------------------------------------
2025-02-25 12:26:51,552 INFO  org.apache.flink.runtime.entrypoint.ClusterEntrypoint        [] -  Preconfiguration: 
2025-02-25 12:26:51,552 INFO  org.apache.flink.runtime.entrypoint.ClusterEntrypoint        [] - 


RESOURCE_PARAMS extraction logs:
jvm_params: -Xmx1073741824 -Xms1073741824 -XX:MaxMetaspaceSize=268435456
dynamic_configs: -D jobmanager.memory.off-heap.size=134217728b -D jobmanager.memory.jvm-overhead.min=201326592b -D jobmanager.memory.jvm-metaspace.size=268435456b -D jobmanager.memory.heap.size=1073741824b -D jobmanager.memory.jvm-overhead.max=201326592b
logs: WARNING: sun.reflect.Reflection.getCallerClass is not supported. This will impact performance.
INFO  [] - Loading configuration property: jobmanager.rpc.address, localhost
INFO  [] - Loading configuration property: jobmanager.rpc.port, 6123
INFO  [] - Loading configuration property: jobmanager.memory.process.size, 1600m
INFO  [] - Loading configuration property: taskmanager.memory.process.size, 1728m
INFO  [] - Loading configuration property: taskmanager.numberOfTaskSlots, 1
INFO  [] - Loading configuration property: parallelism.default, 1
INFO  [] - Loading configuration property: jobmanager.execution.failover-strategy, region
INFO  [] - Loading configuration property: metrics.reporters, prometheus
INFO  [] - Loading configuration property: metrics.reporter.prometheus.class, org.apache.flink.metrics.prometheus.PrometheusReporter
INFO  [] - Loading configuration property: metrics.reporter.prometheus.host, "0.0.0.0"
INFO  [] - Loading configuration property: metrics.reporter.prometheus.port, 9249
INFO  [] - Loading configuration property: metrics.reporters, prometheus
INFO  [] - Loading configuration property: metrics.reporter.prometheus.class, org.apache.flink.metrics.prometheus.PrometheusReporter
INFO  [] - Loading configuration property: metrics.reporter.prometheus.host, "112.134.231.79"
INFO  [] - Loading configuration property: metrics.reporter.prometheus.port, 9249
INFO  [] - The derived from fraction jvm overhead memory (160.000mb (167772162 bytes)) is less than its min value 192.000mb (201326592 bytes), min value will be used instead
INFO  [] - Final Master Memory configuration:
INFO  [] -   Total Process Memory: 1.563gb (1677721600 bytes)
INFO  [] -     Total Flink Memory: 1.125gb (1207959552 bytes)
INFO  [] -       JVM Heap:         1024.000mb (1073741824 bytes)
INFO  [] -       Off-heap:         128.000mb (134217728 bytes)
INFO  [] -     JVM Metaspace:      256.000mb (268435456 bytes)
INFO  [] -     JVM Overhead:       192.000mb (201326592 bytes)

2025-02-25 12:26:51,552 INFO  org.apache.flink.runtime.entrypoint.ClusterEntrypoint        [] - --------------------------------------------------------------------------------
2025-02-25 12:26:51,552 INFO  org.apache.flink.runtime.entrypoint.ClusterEntrypoint        [] -  Starting StandaloneSessionClusterEntrypoint (Version: 1.13.6, Scala: 2.12, Rev:b2ca390, Date:2022-02-03T14:54:22+01:00)
2025-02-25 12:26:51,552 INFO  org.apache.flink.runtime.entrypoint.ClusterEntrypoint        [] -  OS current user: hansaka
2025-02-25 12:26:51,553 INFO  org.apache.flink.runtime.entrypoint.ClusterEntrypoint        [] -  Current Hadoop/Kerberos user: <no hadoop dependency found>
2025-02-25 12:26:51,553 INFO  org.apache.flink.runtime.entrypoint.ClusterEntrypoint        [] -  JVM: OpenJDK 64-Bit Server VM - Ubuntu - 11/11.0.26+4-post-Ubuntu-1ubuntu122.04
2025-02-25 12:26:51,553 INFO  org.apache.flink.runtime.entrypoint.ClusterEntrypoint        [] -  Maximum heap size: 1024 MiBytes
2025-02-25 12:26:51,553 INFO  org.apache.flink.runtime.entrypoint.ClusterEntrypoint        [] -  JAVA_HOME: (not set)
2025-02-25 12:26:51,553 INFO  org.apache.flink.runtime.entrypoint.ClusterEntrypoint        [] -  No Hadoop Dependency available
2025-02-25 12:26:51,553 INFO  org.apache.flink.runtime.entrypoint.ClusterEntrypoint        [] -  JVM Options:
2025-02-25 12:26:51,553 INFO  org.apache.flink.runtime.entrypoint.ClusterEntrypoint        [] -     -Xmx1073741824
2025-02-25 12:26:51,553 INFO  org.apache.flink.runtime.entrypoint.ClusterEntrypoint        [] -     -Xms1073741824
2025-02-25 12:26:51,553 INFO  org.apache.flink.runtime.entrypoint.ClusterEntrypoint        [] -     -XX:MaxMetaspaceSize=268435456
2025-02-25 12:26:51,553 INFO  org.apache.flink.runtime.entrypoint.ClusterEntrypoint        [] -     -Dlog.file=/home/hansaka/fyp/EDFLY/withJSON/flink-1.13.6/log/flink-hansaka-standalonesession-0-hansaka-ubuntu.log
2025-02-25 12:26:51,553 INFO  org.apache.flink.runtime.entrypoint.ClusterEntrypoint        [] -     -Dlog4j.configuration=file:/home/hansaka/fyp/EDFLY/withJSON/flink-1.13.6/conf/log4j.properties
2025-02-25 12:26:51,553 INFO  org.apache.flink.runtime.entrypoint.ClusterEntrypoint        [] -     -Dlog4j.configurationFile=file:/home/hansaka/fyp/EDFLY/withJSON/flink-1.13.6/conf/log4j.properties
2025-02-25 12:26:51,553 INFO  org.apache.flink.runtime.entrypoint.ClusterEntrypoint        [] -     -Dlogback.configurationFile=file:/home/hansaka/fyp/EDFLY/withJSON/flink-1.13.6/conf/logback.xml
2025-02-25 12:26:51,554 INFO  org.apache.flink.runtime.entrypoint.ClusterEntrypoint        [] -  Program Arguments:
2025-02-25 12:26:51,554 INFO  org.apache.flink.runtime.entrypoint.ClusterEntrypoint        [] -     --configDir
2025-02-25 12:26:51,554 INFO  org.apache.flink.runtime.entrypoint.ClusterEntrypoint        [] -     /home/hansaka/fyp/EDFLY/withJSON/flink-1.13.6/conf
2025-02-25 12:26:51,554 INFO  org.apache.flink.runtime.entrypoint.ClusterEntrypoint        [] -     --executionMode
2025-02-25 12:26:51,554 INFO  org.apache.flink.runtime.entrypoint.ClusterEntrypoint        [] -     cluster
2025-02-25 12:26:51,554 INFO  org.apache.flink.runtime.entrypoint.ClusterEntrypoint        [] -     -D
2025-02-25 12:26:51,554 INFO  org.apache.flink.runtime.entrypoint.ClusterEntrypoint        [] -     jobmanager.memory.off-heap.size=134217728b
2025-02-25 12:26:51,554 INFO  org.apache.flink.runtime.entrypoint.ClusterEntrypoint        [] -     -D
2025-02-25 12:26:51,554 INFO  org.apache.flink.runtime.entrypoint.ClusterEntrypoint        [] -     jobmanager.memory.jvm-overhead.min=201326592b
2025-02-25 12:26:51,555 INFO  org.apache.flink.runtime.entrypoint.ClusterEntrypoint        [] -     -D
2025-02-25 12:26:51,555 INFO  org.apache.flink.runtime.entrypoint.ClusterEntrypoint        [] -     jobmanager.memory.jvm-metaspace.size=268435456b
2025-02-25 12:26:51,555 INFO  org.apache.flink.runtime.entrypoint.ClusterEntrypoint        [] -     -D
2025-02-25 12:26:51,555 INFO  org.apache.flink.runtime.entrypoint.ClusterEntrypoint        [] -     jobmanager.memory.heap.size=1073741824b
2025-02-25 12:26:51,555 INFO  org.apache.flink.runtime.entrypoint.ClusterEntrypoint        [] -     -D
2025-02-25 12:26:51,555 INFO  org.apache.flink.runtime.entrypoint.ClusterEntrypoint        [] -     jobmanager.memory.jvm-overhead.max=201326592b
2025-02-25 12:26:51,555 INFO  org.apache.flink.runtime.entrypoint.ClusterEntrypoint        [] -  Classpath: /home/hansaka/fyp/EDFLY/withJSON/flink-1.13.6/lib/flink-csv-1.13.6.jar:/home/hansaka/fyp/EDFLY/withJSON/flink-1.13.6/lib/flink-json-1.13.6.jar:/home/hansaka/fyp/EDFLY/withJSON/flink-1.13.6/lib/flink-shaded-zookeeper-3.4.14.jar:/home/hansaka/fyp/EDFLY/withJSON/flink-1.13.6/lib/flink-table_2.12-1.13.6.jar:/home/hansaka/fyp/EDFLY/withJSON/flink-1.13.6/lib/flink-table-blink_2.12-1.13.6.jar:/home/hansaka/fyp/EDFLY/withJSON/flink-1.13.6/lib/log4j-1.2-api-2.17.1.jar:/home/hansaka/fyp/EDFLY/withJSON/flink-1.13.6/lib/log4j-api-2.17.1.jar:/home/hansaka/fyp/EDFLY/withJSON/flink-1.13.6/lib/log4j-core-2.17.1.jar:/home/hansaka/fyp/EDFLY/withJSON/flink-1.13.6/lib/log4j-slf4j-impl-2.17.1.jar:/home/hansaka/fyp/EDFLY/withJSON/flink-1.13.6/lib/flink-dist_2.12-1.13.6.jar:::
2025-02-25 12:26:51,555 INFO  org.apache.flink.runtime.entrypoint.ClusterEntrypoint        [] - --------------------------------------------------------------------------------
2025-02-25 12:26:51,556 INFO  org.apache.flink.runtime.entrypoint.ClusterEntrypoint        [] - Registered UNIX signal handlers for [TERM, HUP, INT]
2025-02-25 12:26:51,564 INFO  org.apache.flink.configuration.GlobalConfiguration           [] - Loading configuration property: jobmanager.rpc.address, localhost
2025-02-25 12:26:51,564 INFO  org.apache.flink.configuration.GlobalConfiguration           [] - Loading configuration property: jobmanager.rpc.port, 6123
2025-02-25 12:26:51,564 INFO  org.apache.flink.configuration.GlobalConfiguration           [] - Loading configuration property: jobmanager.memory.process.size, 1600m
2025-02-25 12:26:51,564 INFO  org.apache.flink.configuration.GlobalConfiguration           [] - Loading configuration property: taskmanager.memory.process.size, 1728m
2025-02-25 12:26:51,564 INFO  org.apache.flink.configuration.GlobalConfiguration           [] - Loading configuration property: taskmanager.numberOfTaskSlots, 1
2025-02-25 12:26:51,564 INFO  org.apache.flink.configuration.GlobalConfiguration           [] - Loading configuration property: parallelism.default, 1
2025-02-25 12:26:51,565 INFO  org.apache.flink.configuration.GlobalConfiguration           [] - Loading configuration property: jobmanager.execution.failover-strategy, region
2025-02-25 12:26:51,565 INFO  org.apache.flink.configuration.GlobalConfiguration           [] - Loading configuration property: metrics.reporters, prometheus
2025-02-25 12:26:51,565 INFO  org.apache.flink.configuration.GlobalConfiguration           [] - Loading configuration property: metrics.reporter.prometheus.class, org.apache.flink.metrics.prometheus.PrometheusReporter
2025-02-25 12:26:51,565 INFO  org.apache.flink.configuration.GlobalConfiguration           [] - Loading configuration property: metrics.reporter.prometheus.host, "0.0.0.0"
2025-02-25 12:26:51,565 INFO  org.apache.flink.configuration.GlobalConfiguration           [] - Loading configuration property: metrics.reporter.prometheus.port, 9249
2025-02-25 12:26:51,565 INFO  org.apache.flink.configuration.GlobalConfiguration           [] - Loading configuration property: metrics.reporters, prometheus
2025-02-25 12:26:51,565 INFO  org.apache.flink.configuration.GlobalConfiguration           [] - Loading configuration property: metrics.reporter.prometheus.class, org.apache.flink.metrics.prometheus.PrometheusReporter
2025-02-25 12:26:51,566 INFO  org.apache.flink.configuration.GlobalConfiguration           [] - Loading configuration property: metrics.reporter.prometheus.host, "112.134.231.79"
2025-02-25 12:26:51,566 INFO  org.apache.flink.configuration.GlobalConfiguration           [] - Loading configuration property: metrics.reporter.prometheus.port, 9249
2025-02-25 12:26:51,583 INFO  org.apache.flink.runtime.entrypoint.ClusterEntrypoint        [] - Starting StandaloneSessionClusterEntrypoint.
2025-02-25 12:26:51,656 INFO  org.apache.flink.runtime.entrypoint.ClusterEntrypoint        [] - Install default filesystem.
2025-02-25 12:26:51,663 INFO  org.apache.flink.core.fs.FileSystem                          [] - Hadoop is not in the classpath/dependencies. The extended set of supported File Systems via Hadoop is not available.
2025-02-25 12:26:51,723 INFO  org.apache.flink.runtime.entrypoint.ClusterEntrypoint        [] - Install security context.
2025-02-25 12:26:51,735 INFO  org.apache.flink.runtime.security.modules.HadoopModuleFactory [] - Cannot create Hadoop Security Module because Hadoop cannot be found in the Classpath.
2025-02-25 12:26:51,740 INFO  org.apache.flink.runtime.security.modules.JaasModule         [] - Jaas file will be created as /tmp/jaas-9234867389776551492.conf.
2025-02-25 12:26:51,745 INFO  org.apache.flink.runtime.security.contexts.HadoopSecurityContextFactory [] - Cannot install HadoopSecurityContext because Hadoop cannot be found in the Classpath.
2025-02-25 12:26:51,747 INFO  org.apache.flink.runtime.entrypoint.ClusterEntrypoint        [] - Initializing cluster services.
2025-02-25 12:26:51,788 INFO  org.apache.flink.runtime.rpc.akka.AkkaRpcServiceUtils        [] - Trying to start actor system, external address localhost:6123, bind address 0.0.0.0:6123.
2025-02-25 12:26:52,488 INFO  akka.event.slf4j.Slf4jLogger                                 [] - Slf4jLogger started
2025-02-25 12:26:52,513 INFO  akka.remote.Remoting                                         [] - Starting remoting
2025-02-25 12:26:52,646 INFO  akka.remote.Remoting                                         [] - Remoting started; listening on addresses :[akka.tcp://flink@localhost:6123]
2025-02-25 12:26:52,713 INFO  org.apache.flink.runtime.rpc.akka.AkkaRpcServiceUtils        [] - Actor system started at akka.tcp://flink@localhost:6123
2025-02-25 12:26:52,728 INFO  org.apache.flink.configuration.Configuration                 [] - Config uses fallback configuration key 'jobmanager.rpc.address' instead of key 'rest.address'
2025-02-25 12:26:52,736 INFO  org.apache.flink.runtime.blob.BlobServer                     [] - Created BLOB server storage directory /tmp/blobStore-8ed03e86-728d-45e8-8bb9-cfe8fe8f8f7f
2025-02-25 12:26:52,739 INFO  org.apache.flink.runtime.blob.BlobServer                     [] - Started BLOB server at 0.0.0.0:39365 - max concurrent requests: 50 - max backlog: 1000
2025-02-25 12:26:52,789 INFO  org.apache.flink.metrics.prometheus.PrometheusReporter       [] - Started PrometheusReporter HTTP server on port 9249.
2025-02-25 12:26:52,791 INFO  org.apache.flink.runtime.metrics.MetricRegistryImpl          [] - Reporting metrics for reporter prometheus of type org.apache.flink.metrics.prometheus.PrometheusReporter.
2025-02-25 12:26:52,795 INFO  org.apache.flink.runtime.rpc.akka.AkkaRpcServiceUtils        [] - Trying to start actor system, external address localhost:0, bind address 0.0.0.0:0.
2025-02-25 12:26:52,804 INFO  akka.event.slf4j.Slf4jLogger                                 [] - Slf4jLogger started
2025-02-25 12:26:52,807 INFO  akka.remote.Remoting                                         [] - Starting remoting
2025-02-25 12:26:52,812 INFO  akka.remote.Remoting                                         [] - Remoting started; listening on addresses :[akka.tcp://flink-metrics@localhost:33189]
2025-02-25 12:26:52,817 INFO  org.apache.flink.runtime.rpc.akka.AkkaRpcServiceUtils        [] - Actor system started at akka.tcp://flink-metrics@localhost:33189
2025-02-25 12:26:52,831 INFO  org.apache.flink.runtime.rpc.akka.AkkaRpcService             [] - Starting RPC endpoint for org.apache.flink.runtime.metrics.dump.MetricQueryService at akka://flink-metrics/user/rpc/MetricQueryService .
2025-02-25 12:26:52,851 INFO  org.apache.flink.runtime.dispatcher.FileExecutionGraphInfoStore [] - Initializing FileExecutionGraphInfoStore: Storage directory /tmp/executionGraphStore-a8c24f4c-bc22-4315-862f-00b2d9b9e830, expiration time 3600000, maximum cache size 52428800 bytes.
2025-02-25 12:26:52,916 INFO  org.apache.flink.configuration.Configuration                 [] - Config uses fallback configuration key 'jobmanager.rpc.address' instead of key 'rest.address'
2025-02-25 12:26:52,917 INFO  org.apache.flink.runtime.dispatcher.DispatcherRestEndpoint   [] - Upload directory /tmp/flink-web-b0aa38ad-dd60-4ab5-9774-4039fc620523/flink-web-upload does not exist. 
2025-02-25 12:26:52,917 INFO  org.apache.flink.runtime.dispatcher.DispatcherRestEndpoint   [] - Created directory /tmp/flink-web-b0aa38ad-dd60-4ab5-9774-4039fc620523/flink-web-upload for file uploads.
2025-02-25 12:26:52,918 INFO  org.apache.flink.runtime.dispatcher.DispatcherRestEndpoint   [] - Starting rest endpoint.
2025-02-25 12:26:53,181 INFO  org.apache.flink.runtime.webmonitor.WebMonitorUtils          [] - Determined location of main cluster component log file: /home/hansaka/fyp/EDFLY/withJSON/flink-1.13.6/log/flink-hansaka-standalonesession-0-hansaka-ubuntu.log
2025-02-25 12:26:53,181 INFO  org.apache.flink.runtime.webmonitor.WebMonitorUtils          [] - Determined location of main cluster component stdout file: /home/hansaka/fyp/EDFLY/withJSON/flink-1.13.6/log/flink-hansaka-standalonesession-0-hansaka-ubuntu.out
2025-02-25 12:26:53,342 INFO  org.apache.flink.runtime.dispatcher.DispatcherRestEndpoint   [] - Rest endpoint listening at localhost:8081
2025-02-25 12:26:53,344 INFO  org.apache.flink.runtime.dispatcher.DispatcherRestEndpoint   [] - http://localhost:8081 was granted leadership with leaderSessionID=00000000-0000-0000-0000-000000000000
2025-02-25 12:26:53,344 INFO  org.apache.flink.runtime.dispatcher.DispatcherRestEndpoint   [] - Web frontend listening at http://localhost:8081.
2025-02-25 12:26:53,375 INFO  org.apache.flink.runtime.rpc.akka.AkkaRpcService             [] - Starting RPC endpoint for org.apache.flink.runtime.resourcemanager.StandaloneResourceManager at akka://flink/user/rpc/resourcemanager_0 .
2025-02-25 12:26:53,390 INFO  org.apache.flink.runtime.dispatcher.runner.DefaultDispatcherRunner [] - DefaultDispatcherRunner was granted leadership with leader id 00000000-0000-0000-0000-000000000000. Creating new DispatcherLeaderProcess.
2025-02-25 12:26:53,395 INFO  org.apache.flink.runtime.dispatcher.runner.SessionDispatcherLeaderProcess [] - Start SessionDispatcherLeaderProcess.
2025-02-25 12:26:53,396 INFO  org.apache.flink.runtime.resourcemanager.StandaloneResourceManager [] - Starting the resource manager.
2025-02-25 12:26:53,396 INFO  org.apache.flink.runtime.dispatcher.runner.SessionDispatcherLeaderProcess [] - Recover all persisted job graphs.
2025-02-25 12:26:53,397 INFO  org.apache.flink.runtime.dispatcher.runner.SessionDispatcherLeaderProcess [] - Successfully recovered 0 persisted job graphs.
2025-02-25 12:26:53,398 INFO  org.apache.flink.runtime.resourcemanager.StandaloneResourceManager [] - ResourceManager akka.tcp://flink@localhost:6123/user/rpc/resourcemanager_0 was granted leadership with fencing token 00000000000000000000000000000000
2025-02-25 12:26:53,405 INFO  org.apache.flink.runtime.rpc.akka.AkkaRpcService             [] - Starting RPC endpoint for org.apache.flink.runtime.dispatcher.StandaloneDispatcher at akka://flink/user/rpc/dispatcher_1 .
2025-02-25 12:26:54,567 INFO  org.apache.flink.runtime.resourcemanager.StandaloneResourceManager [] - Registering TaskManager with ResourceID 192.168.1.12:44067-9d9c1b (akka.tcp://flink@192.168.1.12:44067/user/rpc/taskmanager_0) at ResourceManager
2025-02-25 12:27:42,913 INFO  org.apache.flink.runtime.dispatcher.StandaloneDispatcher     [] - Received JobGraph submission 37129e49894e99b8268cc7ec71317362 (Kafka-Flink JSON Integration).
2025-02-25 12:27:42,913 INFO  org.apache.flink.runtime.dispatcher.StandaloneDispatcher     [] - Submitting job 37129e49894e99b8268cc7ec71317362 (Kafka-Flink JSON Integration).
2025-02-25 12:27:42,933 INFO  org.apache.flink.runtime.rpc.akka.AkkaRpcService             [] - Starting RPC endpoint for org.apache.flink.runtime.jobmaster.JobMaster at akka://flink/user/rpc/jobmanager_2 .
2025-02-25 12:27:42,942 INFO  org.apache.flink.runtime.jobmaster.JobMaster                 [] - Initializing job Kafka-Flink JSON Integration (37129e49894e99b8268cc7ec71317362).
2025-02-25 12:27:42,963 INFO  org.apache.flink.runtime.jobmaster.JobMaster                 [] - Using restart back off time strategy NoRestartBackoffTimeStrategy for Kafka-Flink JSON Integration (37129e49894e99b8268cc7ec71317362).
2025-02-25 12:27:42,992 INFO  org.apache.flink.runtime.jobmaster.JobMaster                 [] - Running initialization on master for job Kafka-Flink JSON Integration (37129e49894e99b8268cc7ec71317362).
2025-02-25 12:27:42,992 INFO  org.apache.flink.runtime.jobmaster.JobMaster                 [] - Successfully ran initialization on master in 0 ms.
2025-02-25 12:27:43,001 INFO  org.apache.flink.runtime.scheduler.adapter.DefaultExecutionTopology [] - Built 1 pipelined regions in 1 ms
2025-02-25 12:27:43,009 INFO  org.apache.flink.runtime.jobmaster.JobMaster                 [] - No state backend has been configured, using default (HashMap) org.apache.flink.runtime.state.hashmap.HashMapStateBackend@6b5eaaf7
2025-02-25 12:27:43,010 INFO  org.apache.flink.runtime.jobmaster.JobMaster                 [] - Checkpoint storage is set to 'jobmanager'
2025-02-25 12:27:43,022 INFO  org.apache.flink.runtime.checkpoint.CheckpointCoordinator    [] - No checkpoint found during restore.
2025-02-25 12:27:43,028 INFO  org.apache.flink.runtime.jobmaster.JobMaster                 [] - Using failover strategy org.apache.flink.runtime.executiongraph.failover.flip1.RestartPipelinedRegionFailoverStrategy@90cc3f0 for Kafka-Flink JSON Integration (37129e49894e99b8268cc7ec71317362).
2025-02-25 12:27:43,033 INFO  org.apache.flink.runtime.jobmaster.JobMaster                 [] - Starting execution of job Kafka-Flink JSON Integration (37129e49894e99b8268cc7ec71317362) under job master id 00000000000000000000000000000000.
2025-02-25 12:27:43,034 INFO  org.apache.flink.runtime.jobmaster.JobMaster                 [] - Starting scheduling with scheduling strategy [org.apache.flink.runtime.scheduler.strategy.PipelinedRegionSchedulingStrategy]
2025-02-25 12:27:43,034 INFO  org.apache.flink.runtime.executiongraph.ExecutionGraph       [] - Job Kafka-Flink JSON Integration (37129e49894e99b8268cc7ec71317362) switched from state CREATED to RUNNING.
2025-02-25 12:27:43,036 INFO  org.apache.flink.runtime.executiongraph.ExecutionGraph       [] - Source: Custom Source -> Map -> Sink: Unnamed (1/1) (9ee333eb74a0182170c8593387fbb3d0) switched from CREATED to SCHEDULED.
2025-02-25 12:27:43,043 INFO  org.apache.flink.runtime.jobmaster.JobMaster                 [] - Connecting to ResourceManager akka.tcp://flink@localhost:6123/user/rpc/resourcemanager_*(00000000000000000000000000000000)
2025-02-25 12:27:43,045 INFO  org.apache.flink.runtime.jobmaster.JobMaster                 [] - Resolved ResourceManager address, beginning registration
2025-02-25 12:27:43,046 INFO  org.apache.flink.runtime.resourcemanager.StandaloneResourceManager [] - Registering job manager 00000000000000000000000000000000@akka.tcp://flink@localhost:6123/user/rpc/jobmanager_2 for job 37129e49894e99b8268cc7ec71317362.
2025-02-25 12:27:43,048 INFO  org.apache.flink.runtime.resourcemanager.StandaloneResourceManager [] - Registered job manager 00000000000000000000000000000000@akka.tcp://flink@localhost:6123/user/rpc/jobmanager_2 for job 37129e49894e99b8268cc7ec71317362.
2025-02-25 12:27:43,049 INFO  org.apache.flink.runtime.jobmaster.JobMaster                 [] - JobManager successfully registered at ResourceManager, leader id: 00000000000000000000000000000000.
2025-02-25 12:27:43,050 INFO  org.apache.flink.runtime.resourcemanager.slotmanager.DeclarativeSlotManager [] - Received resource requirements from job 37129e49894e99b8268cc7ec71317362: [ResourceRequirement{resourceProfile=ResourceProfile{UNKNOWN}, numberOfRequiredSlots=1}]
2025-02-25 12:27:43,094 INFO  org.apache.flink.runtime.executiongraph.ExecutionGraph       [] - Source: Custom Source -> Map -> Sink: Unnamed (1/1) (9ee333eb74a0182170c8593387fbb3d0) switched from SCHEDULED to DEPLOYING.
2025-02-25 12:27:43,096 INFO  org.apache.flink.runtime.executiongraph.ExecutionGraph       [] - Deploying Source: Custom Source -> Map -> Sink: Unnamed (1/1) (attempt #0) with attempt id 9ee333eb74a0182170c8593387fbb3d0 to 192.168.1.12:44067-9d9c1b @ hansaka-ubuntu (dataPort=40497) with allocation id 67c0ff41349d623ddd104a86d00b8929
2025-02-25 12:27:47,378 INFO  org.apache.flink.runtime.executiongraph.ExecutionGraph       [] - Source: Custom Source -> Map -> Sink: Unnamed (1/1) (9ee333eb74a0182170c8593387fbb3d0) switched from DEPLOYING to INITIALIZING.
2025-02-25 12:27:51,432 INFO  org.apache.flink.runtime.executiongraph.ExecutionGraph       [] - Source: Custom Source -> Map -> Sink: Unnamed (1/1) (9ee333eb74a0182170c8593387fbb3d0) switched from INITIALIZING to RUNNING.
